#
# A fatal error has been detected by the Java Runtime Environment:
#
#  EXCEPTION_ACCESS_VIOLATION (0xc0000005) at pc=0x00007ffab52e6614, pid=1136, tid=24740
#
# JRE version: Java(TM) SE Runtime Environment 18.9 (11.0.9+7) (build 11.0.9+7-LTS)
# Java VM: Java HotSpot(TM) 64-Bit Server VM 18.9 (11.0.9+7-LTS, mixed mode, tiered, compressed oops, g1 gc, windows-amd64)
# Problematic frame:
# V  [jvm.dll+0x196614]
#
# No core dump will be written. Minidumps are not enabled by default on client versions of Windows
#
# If you would like to submit a bug report, please visit:
#   https://bugreport.java.com/bugreport/crash.jsp
#

---------------  S U M M A R Y ------------

Command Line: -javaagent:C:\Users\clarkl\AppData\Local\JetBrains\IntelliJ IDEA Community Edition 2022.2.4\lib\idea_rt.jar=52099:C:\Users\clarkl\AppData\Local\JetBrains\IntelliJ IDEA Community Edition 2022.2.4\bin -Dfile.encoding=UTF-8 com.otprimer.backendserver.BackendServerApplication

Host: Intel(R) Core(TM) i7-8850H CPU @ 2.60GHz, 12 cores, 15G,  Windows 10 , 64 bit Build 22000 (10.0.22000.434)
Time: Wed Jan 18 09:44:00 2023 Eastern Standard Time elapsed time: 5.238212 seconds (0d 0h 0m 5s)

---------------  T H R E A D  ---------------

Current thread (0x0000025509359800):  JavaThread "C2 CompilerThread1" daemon [_thread_in_native, id=24740, stack(0x0000009de7000000,0x0000009de7100000)]


Current CompileTask:
C2:   5238 4840       4       org.springframework.core.annotation.AnnotationsScanner::process (43 bytes)

Stack: [0x0000009de7000000,0x0000009de7100000],  sp=0x0000009de70fb6e0,  free space=1005k
Native frames: (J=compiled Java code, j=interpreted, Vv=VM code, C=native code)
V  [jvm.dll+0x196614]
V  [jvm.dll+0x19422b]
V  [jvm.dll+0x1fd5a2]
V  [jvm.dll+0x1fc64f]
V  [jvm.dll+0x17f08c]
V  [jvm.dll+0x20bc54]
V  [jvm.dll+0x209d2b]
V  [jvm.dll+0x7103d9]
V  [jvm.dll+0x709114]
V  [jvm.dll+0x610cb6]
C  [ucrtbase.dll+0x26c0c]
C  [KERNEL32.DLL+0x154e0]
C  [ntdll.dll+0x485b]


siginfo: EXCEPTION_ACCESS_VIOLATION (0xc0000005), reading address 0x00000251094656a4


Register to memory mapping:

RIP=0x00007ffab52e6614 jvm.dll
RAX=0x000002550f442b10 points into unknown readable memory: 50 19 ab 0a 55 02 00 00
RBX=0x0000000000000001 is an unknown value
RCX=0x0000000000000012 is an unknown value
RDX=0x0 is NULL
RSP=0x0000009de70fb6e0 is pointing into the stack for thread: 0x0000025509359800
RBP=0x0000009de70fbc00 is pointing into the stack for thread: 0x0000025509359800
RSI=0x0000025109465678 is an unknown value
RDI=0x0000000000000001 is an unknown value
R8 =0x00000000ffffffff is an unknown value
R9 =0x0000000000000010 is an unknown value
R10=0x0 is NULL
R11=0x0 is NULL
R12=0x0000000000000001 is an unknown value
R13=0x0000000000000001 is an unknown value
R14=0x000002550aab19b0 points into unknown readable memory: a0 4b 96 b5 fa 7f 00 00
R15=0x000002550a3c6828 points into unknown readable memory: 00 00 40 00 00 00 00 00


Registers:
RAX=0x000002550f442b10, RBX=0x0000000000000001, RCX=0x0000000000000012, RDX=0x0000000000000000
RSP=0x0000009de70fb6e0, RBP=0x0000009de70fbc00, RSI=0x0000025109465678, RDI=0x0000000000000001
R8 =0x00000000ffffffff, R9 =0x0000000000000010, R10=0x0000000000000000, R11=0x0000000000000000
R12=0x0000000000000001, R13=0x0000000000000001, R14=0x000002550aab19b0, R15=0x000002550a3c6828
RIP=0x00007ffab52e6614, EFLAGS=0x0000000000010283

Top of Stack: (sp=0x0000009de70fb6e0)
0x0000009de70fb6e0:   00000255138d7fb0 0000000000001bff
0x0000009de70fb6f0:   0000009de70fbc00 0000000000000000
0x0000009de70fb700:   0000027000000012 00007ffa00000001
0x0000009de70fb710:   000002550aab19b0 0000000000000240
0x0000009de70fb720:   0000000000000000 0000000000000000
0x0000009de70fb730:   0000025513a88980 000002550a0f31d0
0x0000009de70fb740:   00000000000003d8 000002550a0f31c0
0x0000009de70fb750:   000002550a0f35a8 0000009de70fbce8
0x0000009de70fb760:   0000000000000000 0000009de70fb880
0x0000009de70fb770:   0000009de70fbc00 00007ffab52e422b
0x0000009de70fb780:   0000009de70fbc00 0000009de70fb801
0x0000009de70fb790:   0000009de70fbc00 00000000ffffffff
0x0000009de70fb7a0:   00007ffab5963f00 000000000000000d
0x0000009de70fb7b0:   0000000000000006 000002550a0f31c0
0x0000009de70fb7c0:   00000255101cbe30 00000255101d1f00
0x0000009de70fb7d0:   00000255101d3e18 0000000000fbe4a8 

Instructions: (pc=0x00007ffab52e6614)
0x00007ffab52e65f4:   41 83 7e 28 01 0f 86 8d 05 00 00 90 41 3b 46 18
0x00007ffab52e6604:   73 0c 8b c8 49 8b 46 20 48 8b 34 c8 eb 02 33 f6
0x00007ffab52e6614:   0f b6 46 2c 45 8b e5 24 03 c6 84 24 b0 00 00 00
0x00007ffab52e6624:   00 3c 02 75 17 48 8b 06 48 8b ce c6 84 24 b0 00 


Stack slot to memory mapping:
stack at sp + 0 slots: 0x00000255138d7fb0 points into unknown readable memory: 00 00 00 00 00 00 00 00
stack at sp + 1 slots: 0x0000000000001bff is an unknown value
stack at sp + 2 slots: 0x0000009de70fbc00 is pointing into the stack for thread: 0x0000025509359800
stack at sp + 3 slots: 0x0 is NULL
stack at sp + 4 slots: 0x0000027000000012 is an unknown value
stack at sp + 5 slots: 0x00007ffa00000001 is an unknown value
stack at sp + 6 slots: 0x000002550aab19b0 points into unknown readable memory: a0 4b 96 b5 fa 7f 00 00
stack at sp + 7 slots: 0x0000000000000240 is an unknown value


---------------  P R O C E S S  ---------------

Threads class SMR info:
_java_thread_list=0x00000255101a23d0, length=32, elements={
0x0000025509138800, 0x000002550915e800, 0x00000255091bb800, 0x00000255091bd800,
0x00000255091bf800, 0x00000255091ca000, 0x00000255091d1800, 0x000002550933f800,
0x0000025509359800, 0x0000025509496800, 0x0000025509924800, 0x0000025509925000,
0x000002550dd47800, 0x000002550dd44800, 0x000002550dd47000, 0x000002550dd43000,
0x000002550dd45000, 0x000002550dd48800, 0x000002550dd49800, 0x000002550dd43800,
0x000002550dd46000, 0x000002550dfae000, 0x000002550dfaf800, 0x000002550dfaf000,
0x000002550dfb0800, 0x000002550dfb1800, 0x000002550dfb2000, 0x000002550dfb3000,
0x000002550dfad800, 0x000002550dfb6800, 0x000002550dfb4000, 0x000002550dfb4800
}

Java Threads: ( => current thread )
  0x0000025509138800 JavaThread "Reference Handler" daemon [_thread_blocked, id=24136, stack(0x0000009de6800000,0x0000009de6900000)]
  0x000002550915e800 JavaThread "Finalizer" daemon [_thread_blocked, id=20760, stack(0x0000009de6900000,0x0000009de6a00000)]
  0x00000255091bb800 JavaThread "Signal Dispatcher" daemon [_thread_blocked, id=22776, stack(0x0000009de6a00000,0x0000009de6b00000)]
  0x00000255091bd800 JavaThread "Attach Listener" daemon [_thread_blocked, id=23988, stack(0x0000009de6b00000,0x0000009de6c00000)]
  0x00000255091bf800 JavaThread "C2 CompilerThread0" daemon [_thread_in_native, id=23636, stack(0x0000009de6c00000,0x0000009de6d00000)]
  0x00000255091ca000 JavaThread "C1 CompilerThread0" daemon [_thread_blocked, id=492, stack(0x0000009de6d00000,0x0000009de6e00000)]
  0x00000255091d1800 JavaThread "Sweeper thread" daemon [_thread_blocked, id=11748, stack(0x0000009de6e00000,0x0000009de6f00000)]
  0x000002550933f800 JavaThread "Common-Cleaner" daemon [_thread_blocked, id=27012, stack(0x0000009de6f00000,0x0000009de7000000)]
=>0x0000025509359800 JavaThread "C2 CompilerThread1" daemon [_thread_in_native, id=24740, stack(0x0000009de7000000,0x0000009de7100000)]
  0x0000025509496800 JavaThread "C2 CompilerThread2" daemon [_thread_in_native, id=26016, stack(0x0000009de7100000,0x0000009de7200000)]
  0x0000025509924800 JavaThread "Monitor Ctrl-Break" daemon [_thread_in_native, id=24448, stack(0x0000009de7200000,0x0000009de7300000)]
  0x0000025509925000 JavaThread "Service Thread" daemon [_thread_blocked, id=4972, stack(0x0000009de7300000,0x0000009de7400000)]
  0x000002550dd47800 JavaThread "Catalina-utility-1" [_thread_blocked, id=8260, stack(0x0000009de7c00000,0x0000009de7d00000)]
  0x000002550dd44800 JavaThread "Catalina-utility-2" [_thread_blocked, id=20716, stack(0x0000009de8100000,0x0000009de8200000)]
  0x000002550dd47000 JavaThread "container-0" [_thread_blocked, id=24176, stack(0x0000009de8200000,0x0000009de8300000)]
  0x000002550dd43000 JavaThread "HikariPool-1 housekeeper" daemon [_thread_blocked, id=21204, stack(0x0000009de8600000,0x0000009de8700000)]
  0x000002550dd45000 JavaThread "HikariPool-1 connection adder" daemon [_thread_blocked, id=5700, stack(0x0000009de8700000,0x0000009de8800000)]
  0x000002550dd48800 JavaThread "File Watcher" daemon [_thread_blocked, id=16244, stack(0x0000009de8800000,0x0000009de8900000)]
  0x000002550dd49800 JavaThread "Live Reload Server" daemon [_thread_in_native, id=17172, stack(0x0000009de8a00000,0x0000009de8b00000)]
  0x000002550dd43800 JavaThread "http-nio-8080-exec-1" daemon [_thread_blocked, id=26152, stack(0x0000009de8900000,0x0000009de8a00000)]
  0x000002550dd46000 JavaThread "http-nio-8080-exec-2" daemon [_thread_blocked, id=11588, stack(0x0000009de8b00000,0x0000009de8c00000)]
  0x000002550dfae000 JavaThread "http-nio-8080-exec-3" daemon [_thread_blocked, id=12600, stack(0x0000009de8c00000,0x0000009de8d00000)]
  0x000002550dfaf800 JavaThread "http-nio-8080-exec-4" daemon [_thread_blocked, id=17044, stack(0x0000009de8d00000,0x0000009de8e00000)]
  0x000002550dfaf000 JavaThread "http-nio-8080-exec-5" daemon [_thread_blocked, id=25212, stack(0x0000009de8e00000,0x0000009de8f00000)]
  0x000002550dfb0800 JavaThread "http-nio-8080-exec-6" daemon [_thread_blocked, id=26364, stack(0x0000009de8f00000,0x0000009de9000000)]
  0x000002550dfb1800 JavaThread "http-nio-8080-exec-7" daemon [_thread_blocked, id=25976, stack(0x0000009de9000000,0x0000009de9100000)]
  0x000002550dfb2000 JavaThread "http-nio-8080-exec-8" daemon [_thread_blocked, id=4400, stack(0x0000009de9100000,0x0000009de9200000)]
  0x000002550dfb3000 JavaThread "http-nio-8080-exec-9" daemon [_thread_blocked, id=24676, stack(0x0000009de9200000,0x0000009de9300000)]
  0x000002550dfad800 JavaThread "http-nio-8080-exec-10" daemon [_thread_blocked, id=6496, stack(0x0000009de9300000,0x0000009de9400000)]
  0x000002550dfb6800 JavaThread "http-nio-8080-Poller" daemon [_thread_in_native, id=11964, stack(0x0000009de9400000,0x0000009de9500000)]
  0x000002550dfb4000 JavaThread "http-nio-8080-Acceptor" daemon [_thread_in_native, id=17448, stack(0x0000009de9500000,0x0000009de9600000)]
  0x000002550dfb4800 JavaThread "DestroyJavaVM" [_thread_blocked, id=26384, stack(0x0000009de6100000,0x0000009de6200000)]

Other Threads:
  0x0000025509136800 VMThread "VM Thread" [stack: 0x0000009de6700000,0x0000009de6800000] [id=27264]
  0x000002550999e800 WatcherThread [stack: 0x0000009de7400000,0x0000009de7500000] [id=25704]
  0x0000025564b37000 GCTaskThread "GC Thread#0" [stack: 0x0000009de6200000,0x0000009de6300000] [id=25972]
  0x000002550a406000 GCTaskThread "GC Thread#1" [stack: 0x0000009de7500000,0x0000009de7600000] [id=24252]
  0x0000025509f60000 GCTaskThread "GC Thread#2" [stack: 0x0000009de7600000,0x0000009de7700000] [id=14488]
  0x0000025509c3d800 GCTaskThread "GC Thread#3" [stack: 0x0000009de7700000,0x0000009de7800000] [id=16952]
  0x0000025509f5c800 GCTaskThread "GC Thread#4" [stack: 0x0000009de7800000,0x0000009de7900000] [id=7124]
  0x0000025509f49800 GCTaskThread "GC Thread#5" [stack: 0x0000009de7900000,0x0000009de7a00000] [id=9080]
  0x000002550ae98800 GCTaskThread "GC Thread#6" [stack: 0x0000009de7d00000,0x0000009de7e00000] [id=5396]
  0x000002550ae95000 GCTaskThread "GC Thread#7" [stack: 0x0000009de7e00000,0x0000009de7f00000] [id=26256]
  0x000002550ae98000 GCTaskThread "GC Thread#8" [stack: 0x0000009de8300000,0x0000009de8400000] [id=2528]
  0x000002550ae9b800 GCTaskThread "GC Thread#9" [stack: 0x0000009de8400000,0x0000009de8500000] [id=6208]
  0x0000025564b93000 ConcurrentGCThread "G1 Main Marker" [stack: 0x0000009de6300000,0x0000009de6400000] [id=10116]
  0x0000025564b95800 ConcurrentGCThread "G1 Conc#0" [stack: 0x0000009de6400000,0x0000009de6500000] [id=24860]
  0x000002550ae96800 ConcurrentGCThread "G1 Conc#1" [stack: 0x0000009de7f00000,0x0000009de8000000] [id=24792]
  0x000002550ae94800 ConcurrentGCThread "G1 Conc#2" [stack: 0x0000009de8000000,0x0000009de8100000] [id=14512]
  0x000002550879c800 ConcurrentGCThread "G1 Refine#0" [stack: 0x0000009de6500000,0x0000009de6600000] [id=24928]
  0x000002550879f000 ConcurrentGCThread "G1 Young RemSet Sampling" [stack: 0x0000009de6600000,0x0000009de6700000] [id=14752]

Threads with active compile tasks:
C2 CompilerThread0   5424 5175       4       org.springframework.boot.autoconfigure.condition.ConditionEvaluationReport$$Lambda$1124/0x00000008008d3c40::accept (20 bytes)
C2 CompilerThread1   5424 4840       4       org.springframework.core.annotation.AnnotationsScanner::process (43 bytes)
C2 CompilerThread2   5424 5103       4       org.springframework.beans.factory.support.AbstractBeanFactory::isTypeMatch (607 bytes)

VM state:not at safepoint (normal execution)

VM Mutex/Monitor currently owned by a thread: None

Heap address: 0x0000000704200000, size: 4030 MB, Compressed Oops mode: Zero based, Oop shift amount: 3
Narrow klass base: 0x0000000800000000, Narrow klass shift: 0
Compressed class space size: 1073741824 Address: 0x0000000800000000

Heap:
 garbage-first heap   total 310272K, used 82632K [0x0000000704200000, 0x0000000800000000)
  region size 1024K, 75 young (76800K), 14 survivors (14336K)
 Metaspace       used 64931K, capacity 66696K, committed 66816K, reserved 1107968K
  class space    used 8413K, capacity 9156K, committed 9216K, reserved 1048576K
Heap Regions: E=young(eden), S=young(survivor), O=old, HS=humongous(starts), HC=humongous(continues), CS=collection set, F=free, A=archive, TAMS=top-at-mark-start (previous, next)
|   0|0x0000000704200000, 0x0000000704300000, 0x0000000704300000|100%|HS|  |TAMS 0x0000000704300000, 0x0000000704200000| Complete 
|   1|0x0000000704300000, 0x0000000704400000, 0x0000000704400000|100%| O|  |TAMS 0x0000000704400000, 0x0000000704300000| Untracked 
|   2|0x0000000704400000, 0x0000000704500000, 0x0000000704500000|100%| O|  |TAMS 0x0000000704500000, 0x0000000704400000| Untracked 
|   3|0x0000000704500000, 0x0000000704600000, 0x0000000704600000|100%| O|  |TAMS 0x0000000704600000, 0x0000000704500000| Untracked 
|   4|0x0000000704600000, 0x0000000704700000, 0x0000000704700000|100%| O|  |TAMS 0x0000000704700000, 0x0000000704600000| Untracked 
|   5|0x0000000704700000, 0x0000000704800000, 0x0000000704800000|100%| O|  |TAMS 0x0000000704800000, 0x0000000704700000| Untracked 
|   6|0x0000000704800000, 0x00000007048b2000, 0x0000000704900000| 69%| O|  |TAMS 0x00000007048b2000, 0x0000000704800000| Untracked 
|   7|0x0000000704900000, 0x0000000704900000, 0x0000000704a00000|  0%| F|  |TAMS 0x0000000704900000, 0x0000000704900000| Untracked 
|   8|0x0000000704a00000, 0x0000000704a00000, 0x0000000704b00000|  0%| F|  |TAMS 0x0000000704a00000, 0x0000000704a00000| Untracked 
|   9|0x0000000704b00000, 0x0000000704b00000, 0x0000000704c00000|  0%| F|  |TAMS 0x0000000704b00000, 0x0000000704b00000| Untracked 
|  10|0x0000000704c00000, 0x0000000704c00000, 0x0000000704d00000|  0%| F|  |TAMS 0x0000000704c00000, 0x0000000704c00000| Untracked 
|  11|0x0000000704d00000, 0x0000000704d00000, 0x0000000704e00000|  0%| F|  |TAMS 0x0000000704d00000, 0x0000000704d00000| Untracked 
|  12|0x0000000704e00000, 0x0000000704e00000, 0x0000000704f00000|  0%| F|  |TAMS 0x0000000704e00000, 0x0000000704e00000| Untracked 
|  13|0x0000000704f00000, 0x0000000704f00000, 0x0000000705000000|  0%| F|  |TAMS 0x0000000704f00000, 0x0000000704f00000| Untracked 
|  14|0x0000000705000000, 0x0000000705000000, 0x0000000705100000|  0%| F|  |TAMS 0x0000000705000000, 0x0000000705000000| Untracked 
|  15|0x0000000705100000, 0x0000000705100000, 0x0000000705200000|  0%| F|  |TAMS 0x0000000705100000, 0x0000000705100000| Untracked 
|  16|0x0000000705200000, 0x0000000705200000, 0x0000000705300000|  0%| F|  |TAMS 0x0000000705200000, 0x0000000705200000| Untracked 
|  17|0x0000000705300000, 0x0000000705300000, 0x0000000705400000|  0%| F|  |TAMS 0x0000000705300000, 0x0000000705300000| Untracked 
|  18|0x0000000705400000, 0x0000000705400000, 0x0000000705500000|  0%| F|  |TAMS 0x0000000705400000, 0x0000000705400000| Untracked 
|  19|0x0000000705500000, 0x0000000705500000, 0x0000000705600000|  0%| F|  |TAMS 0x0000000705500000, 0x0000000705500000| Untracked 
|  20|0x0000000705600000, 0x0000000705600000, 0x0000000705700000|  0%| F|  |TAMS 0x0000000705600000, 0x0000000705600000| Untracked 
|  21|0x0000000705700000, 0x0000000705700000, 0x0000000705800000|  0%| F|  |TAMS 0x0000000705700000, 0x0000000705700000| Untracked 
|  22|0x0000000705800000, 0x0000000705800000, 0x0000000705900000|  0%| F|  |TAMS 0x0000000705800000, 0x0000000705800000| Untracked 
|  23|0x0000000705900000, 0x0000000705900000, 0x0000000705a00000|  0%| F|  |TAMS 0x0000000705900000, 0x0000000705900000| Untracked 
|  24|0x0000000705a00000, 0x0000000705a00000, 0x0000000705b00000|  0%| F|  |TAMS 0x0000000705a00000, 0x0000000705a00000| Untracked 
|  25|0x0000000705b00000, 0x0000000705b00000, 0x0000000705c00000|  0%| F|  |TAMS 0x0000000705b00000, 0x0000000705b00000| Untracked 
|  26|0x0000000705c00000, 0x0000000705c00000, 0x0000000705d00000|  0%| F|  |TAMS 0x0000000705c00000, 0x0000000705c00000| Untracked 
|  27|0x0000000705d00000, 0x0000000705d00000, 0x0000000705e00000|  0%| F|  |TAMS 0x0000000705d00000, 0x0000000705d00000| Untracked 
|  28|0x0000000705e00000, 0x0000000705e00000, 0x0000000705f00000|  0%| F|  |TAMS 0x0000000705e00000, 0x0000000705e00000| Untracked 
|  29|0x0000000705f00000, 0x0000000705f00000, 0x0000000706000000|  0%| F|  |TAMS 0x0000000705f00000, 0x0000000705f00000| Untracked 
|  30|0x0000000706000000, 0x0000000706000000, 0x0000000706100000|  0%| F|  |TAMS 0x0000000706000000, 0x0000000706000000| Untracked 
|  31|0x0000000706100000, 0x0000000706100000, 0x0000000706200000|  0%| F|  |TAMS 0x0000000706100000, 0x0000000706100000| Untracked 
|  32|0x0000000706200000, 0x0000000706200000, 0x0000000706300000|  0%| F|  |TAMS 0x0000000706200000, 0x0000000706200000| Untracked 
|  33|0x0000000706300000, 0x0000000706300000, 0x0000000706400000|  0%| F|  |TAMS 0x0000000706300000, 0x0000000706300000| Untracked 
|  34|0x0000000706400000, 0x0000000706400000, 0x0000000706500000|  0%| F|  |TAMS 0x0000000706400000, 0x0000000706400000| Untracked 
|  35|0x0000000706500000, 0x0000000706500000, 0x0000000706600000|  0%| F|  |TAMS 0x0000000706500000, 0x0000000706500000| Untracked 
|  36|0x0000000706600000, 0x0000000706600000, 0x0000000706700000|  0%| F|  |TAMS 0x0000000706600000, 0x0000000706600000| Untracked 
|  37|0x0000000706700000, 0x0000000706700000, 0x0000000706800000|  0%| F|  |TAMS 0x0000000706700000, 0x0000000706700000| Untracked 
|  38|0x0000000706800000, 0x0000000706800000, 0x0000000706900000|  0%| F|  |TAMS 0x0000000706800000, 0x0000000706800000| Untracked 
|  39|0x0000000706900000, 0x0000000706900000, 0x0000000706a00000|  0%| F|  |TAMS 0x0000000706900000, 0x0000000706900000| Untracked 
|  40|0x0000000706a00000, 0x0000000706a00000, 0x0000000706b00000|  0%| F|  |TAMS 0x0000000706a00000, 0x0000000706a00000| Untracked 
|  41|0x0000000706b00000, 0x0000000706b00000, 0x0000000706c00000|  0%| F|  |TAMS 0x0000000706b00000, 0x0000000706b00000| Untracked 
|  42|0x0000000706c00000, 0x0000000706c00000, 0x0000000706d00000|  0%| F|  |TAMS 0x0000000706c00000, 0x0000000706c00000| Untracked 
|  43|0x0000000706d00000, 0x0000000706d00000, 0x0000000706e00000|  0%| F|  |TAMS 0x0000000706d00000, 0x0000000706d00000| Untracked 
|  44|0x0000000706e00000, 0x0000000706e00000, 0x0000000706f00000|  0%| F|  |TAMS 0x0000000706e00000, 0x0000000706e00000| Untracked 
|  45|0x0000000706f00000, 0x0000000706f00000, 0x0000000707000000|  0%| F|  |TAMS 0x0000000706f00000, 0x0000000706f00000| Untracked 
|  46|0x0000000707000000, 0x0000000707000000, 0x0000000707100000|  0%| F|  |TAMS 0x0000000707000000, 0x0000000707000000| Untracked 
|  47|0x0000000707100000, 0x0000000707100000, 0x0000000707200000|  0%| F|  |TAMS 0x0000000707100000, 0x0000000707100000| Untracked 
|  48|0x0000000707200000, 0x0000000707200000, 0x0000000707300000|  0%| F|  |TAMS 0x0000000707200000, 0x0000000707200000| Untracked 
|  49|0x0000000707300000, 0x0000000707300000, 0x0000000707400000|  0%| F|  |TAMS 0x0000000707300000, 0x0000000707300000| Untracked 
|  50|0x0000000707400000, 0x0000000707400000, 0x0000000707500000|  0%| F|  |TAMS 0x0000000707400000, 0x0000000707400000| Untracked 
|  51|0x0000000707500000, 0x0000000707500000, 0x0000000707600000|  0%| F|  |TAMS 0x0000000707500000, 0x0000000707500000| Untracked 
|  52|0x0000000707600000, 0x0000000707600000, 0x0000000707700000|  0%| F|  |TAMS 0x0000000707600000, 0x0000000707600000| Untracked 
|  53|0x0000000707700000, 0x0000000707700000, 0x0000000707800000|  0%| F|  |TAMS 0x0000000707700000, 0x0000000707700000| Untracked 
|  54|0x0000000707800000, 0x0000000707800000, 0x0000000707900000|  0%| F|  |TAMS 0x0000000707800000, 0x0000000707800000| Untracked 
|  55|0x0000000707900000, 0x0000000707900000, 0x0000000707a00000|  0%| F|  |TAMS 0x0000000707900000, 0x0000000707900000| Untracked 
|  56|0x0000000707a00000, 0x0000000707a00000, 0x0000000707b00000|  0%| F|  |TAMS 0x0000000707a00000, 0x0000000707a00000| Untracked 
|  57|0x0000000707b00000, 0x0000000707b00000, 0x0000000707c00000|  0%| F|  |TAMS 0x0000000707b00000, 0x0000000707b00000| Untracked 
|  58|0x0000000707c00000, 0x0000000707c00000, 0x0000000707d00000|  0%| F|  |TAMS 0x0000000707c00000, 0x0000000707c00000| Untracked 
|  59|0x0000000707d00000, 0x0000000707d00000, 0x0000000707e00000|  0%| F|  |TAMS 0x0000000707d00000, 0x0000000707d00000| Untracked 
|  60|0x0000000707e00000, 0x0000000707e00000, 0x0000000707f00000|  0%| F|  |TAMS 0x0000000707e00000, 0x0000000707e00000| Untracked 
|  61|0x0000000707f00000, 0x0000000707f00000, 0x0000000708000000|  0%| F|  |TAMS 0x0000000707f00000, 0x0000000707f00000| Untracked 
|  62|0x0000000708000000, 0x0000000708000000, 0x0000000708100000|  0%| F|  |TAMS 0x0000000708000000, 0x0000000708000000| Untracked 
|  63|0x0000000708100000, 0x0000000708100000, 0x0000000708200000|  0%| F|  |TAMS 0x0000000708100000, 0x0000000708100000| Untracked 
|  64|0x0000000708200000, 0x0000000708200000, 0x0000000708300000|  0%| F|  |TAMS 0x0000000708200000, 0x0000000708200000| Untracked 
|  65|0x0000000708300000, 0x0000000708300000, 0x0000000708400000|  0%| F|  |TAMS 0x0000000708300000, 0x0000000708300000| Untracked 
|  66|0x0000000708400000, 0x0000000708400000, 0x0000000708500000|  0%| F|  |TAMS 0x0000000708400000, 0x0000000708400000| Untracked 
|  67|0x0000000708500000, 0x0000000708500000, 0x0000000708600000|  0%| F|  |TAMS 0x0000000708500000, 0x0000000708500000| Untracked 
|  68|0x0000000708600000, 0x0000000708600000, 0x0000000708700000|  0%| F|  |TAMS 0x0000000708600000, 0x0000000708600000| Untracked 
|  69|0x0000000708700000, 0x0000000708700000, 0x0000000708800000|  0%| F|  |TAMS 0x0000000708700000, 0x0000000708700000| Untracked 
|  70|0x0000000708800000, 0x0000000708800000, 0x0000000708900000|  0%| F|  |TAMS 0x0000000708800000, 0x0000000708800000| Untracked 
|  71|0x0000000708900000, 0x0000000708900000, 0x0000000708a00000|  0%| F|  |TAMS 0x0000000708900000, 0x0000000708900000| Untracked 
|  72|0x0000000708a00000, 0x0000000708a00000, 0x0000000708b00000|  0%| F|  |TAMS 0x0000000708a00000, 0x0000000708a00000| Untracked 
|  73|0x0000000708b00000, 0x0000000708b00000, 0x0000000708c00000|  0%| F|  |TAMS 0x0000000708b00000, 0x0000000708b00000| Untracked 
|  74|0x0000000708c00000, 0x0000000708c00000, 0x0000000708d00000|  0%| F|  |TAMS 0x0000000708c00000, 0x0000000708c00000| Untracked 
|  75|0x0000000708d00000, 0x0000000708d00000, 0x0000000708e00000|  0%| F|  |TAMS 0x0000000708d00000, 0x0000000708d00000| Untracked 
|  76|0x0000000708e00000, 0x0000000708e00000, 0x0000000708f00000|  0%| F|  |TAMS 0x0000000708e00000, 0x0000000708e00000| Untracked 
|  77|0x0000000708f00000, 0x0000000708f00000, 0x0000000709000000|  0%| F|  |TAMS 0x0000000708f00000, 0x0000000708f00000| Untracked 
|  78|0x0000000709000000, 0x0000000709000000, 0x0000000709100000|  0%| F|  |TAMS 0x0000000709000000, 0x0000000709000000| Untracked 
|  79|0x0000000709100000, 0x0000000709100000, 0x0000000709200000|  0%| F|  |TAMS 0x0000000709100000, 0x0000000709100000| Untracked 
|  80|0x0000000709200000, 0x0000000709200000, 0x0000000709300000|  0%| F|  |TAMS 0x0000000709200000, 0x0000000709200000| Untracked 
|  81|0x0000000709300000, 0x0000000709300000, 0x0000000709400000|  0%| F|  |TAMS 0x0000000709300000, 0x0000000709300000| Untracked 
|  82|0x0000000709400000, 0x0000000709400000, 0x0000000709500000|  0%| F|  |TAMS 0x0000000709400000, 0x0000000709400000| Untracked 
|  83|0x0000000709500000, 0x0000000709500000, 0x0000000709600000|  0%| F|  |TAMS 0x0000000709500000, 0x0000000709500000| Untracked 
|  84|0x0000000709600000, 0x0000000709600000, 0x0000000709700000|  0%| F|  |TAMS 0x0000000709600000, 0x0000000709600000| Untracked 
|  85|0x0000000709700000, 0x0000000709700000, 0x0000000709800000|  0%| F|  |TAMS 0x0000000709700000, 0x0000000709700000| Untracked 
|  86|0x0000000709800000, 0x0000000709800000, 0x0000000709900000|  0%| F|  |TAMS 0x0000000709800000, 0x0000000709800000| Untracked 
|  87|0x0000000709900000, 0x0000000709900000, 0x0000000709a00000|  0%| F|  |TAMS 0x0000000709900000, 0x0000000709900000| Untracked 
|  88|0x0000000709a00000, 0x0000000709a00000, 0x0000000709b00000|  0%| F|  |TAMS 0x0000000709a00000, 0x0000000709a00000| Untracked 
|  89|0x0000000709b00000, 0x0000000709b00000, 0x0000000709c00000|  0%| F|  |TAMS 0x0000000709b00000, 0x0000000709b00000| Untracked 
|  90|0x0000000709c00000, 0x0000000709c00000, 0x0000000709d00000|  0%| F|  |TAMS 0x0000000709c00000, 0x0000000709c00000| Untracked 
|  91|0x0000000709d00000, 0x0000000709d00000, 0x0000000709e00000|  0%| F|  |TAMS 0x0000000709d00000, 0x0000000709d00000| Untracked 
|  92|0x0000000709e00000, 0x0000000709e00000, 0x0000000709f00000|  0%| F|  |TAMS 0x0000000709e00000, 0x0000000709e00000| Untracked 
|  93|0x0000000709f00000, 0x0000000709f00000, 0x000000070a000000|  0%| F|  |TAMS 0x0000000709f00000, 0x0000000709f00000| Untracked 
|  94|0x000000070a000000, 0x000000070a000000, 0x000000070a100000|  0%| F|  |TAMS 0x000000070a000000, 0x000000070a000000| Untracked 
|  95|0x000000070a100000, 0x000000070a100000, 0x000000070a200000|  0%| F|  |TAMS 0x000000070a100000, 0x000000070a100000| Untracked 
|  96|0x000000070a200000, 0x000000070a200000, 0x000000070a300000|  0%| F|  |TAMS 0x000000070a200000, 0x000000070a200000| Untracked 
|  97|0x000000070a300000, 0x000000070a300000, 0x000000070a400000|  0%| F|  |TAMS 0x000000070a300000, 0x000000070a300000| Untracked 
|  98|0x000000070a400000, 0x000000070a400000, 0x000000070a500000|  0%| F|  |TAMS 0x000000070a400000, 0x000000070a400000| Untracked 
|  99|0x000000070a500000, 0x000000070a500000, 0x000000070a600000|  0%| F|  |TAMS 0x000000070a500000, 0x000000070a500000| Untracked 
| 100|0x000000070a600000, 0x000000070a600000, 0x000000070a700000|  0%| F|  |TAMS 0x000000070a600000, 0x000000070a600000| Untracked 
| 101|0x000000070a700000, 0x000000070a700000, 0x000000070a800000|  0%| F|  |TAMS 0x000000070a700000, 0x000000070a700000| Untracked 
| 102|0x000000070a800000, 0x000000070a800000, 0x000000070a900000|  0%| F|  |TAMS 0x000000070a800000, 0x000000070a800000| Untracked 
| 103|0x000000070a900000, 0x000000070a900000, 0x000000070aa00000|  0%| F|  |TAMS 0x000000070a900000, 0x000000070a900000| Untracked 
| 104|0x000000070aa00000, 0x000000070aa00000, 0x000000070ab00000|  0%| F|  |TAMS 0x000000070aa00000, 0x000000070aa00000| Untracked 
| 105|0x000000070ab00000, 0x000000070ab00000, 0x000000070ac00000|  0%| F|  |TAMS 0x000000070ab00000, 0x000000070ab00000| Untracked 
| 106|0x000000070ac00000, 0x000000070ac00000, 0x000000070ad00000|  0%| F|  |TAMS 0x000000070ac00000, 0x000000070ac00000| Untracked 
| 107|0x000000070ad00000, 0x000000070ad00000, 0x000000070ae00000|  0%| F|  |TAMS 0x000000070ad00000, 0x000000070ad00000| Untracked 
| 108|0x000000070ae00000, 0x000000070ae00000, 0x000000070af00000|  0%| F|  |TAMS 0x000000070ae00000, 0x000000070ae00000| Untracked 
| 109|0x000000070af00000, 0x000000070af00000, 0x000000070b000000|  0%| F|  |TAMS 0x000000070af00000, 0x000000070af00000| Untracked 
| 110|0x000000070b000000, 0x000000070b000000, 0x000000070b100000|  0%| F|  |TAMS 0x000000070b000000, 0x000000070b000000| Untracked 
| 111|0x000000070b100000, 0x000000070b100000, 0x000000070b200000|  0%| F|  |TAMS 0x000000070b100000, 0x000000070b100000| Untracked 
| 112|0x000000070b200000, 0x000000070b200000, 0x000000070b300000|  0%| F|  |TAMS 0x000000070b200000, 0x000000070b200000| Untracked 
| 113|0x000000070b300000, 0x000000070b300000, 0x000000070b400000|  0%| F|  |TAMS 0x000000070b300000, 0x000000070b300000| Untracked 
| 114|0x000000070b400000, 0x000000070b400000, 0x000000070b500000|  0%| F|  |TAMS 0x000000070b400000, 0x000000070b400000| Untracked 
| 115|0x000000070b500000, 0x000000070b500000, 0x000000070b600000|  0%| F|  |TAMS 0x000000070b500000, 0x000000070b500000| Untracked 
| 116|0x000000070b600000, 0x000000070b600000, 0x000000070b700000|  0%| F|  |TAMS 0x000000070b600000, 0x000000070b600000| Untracked 
| 117|0x000000070b700000, 0x000000070b700000, 0x000000070b800000|  0%| F|  |TAMS 0x000000070b700000, 0x000000070b700000| Untracked 
| 118|0x000000070b800000, 0x000000070b800000, 0x000000070b900000|  0%| F|  |TAMS 0x000000070b800000, 0x000000070b800000| Untracked 
| 119|0x000000070b900000, 0x000000070b900000, 0x000000070ba00000|  0%| F|  |TAMS 0x000000070b900000, 0x000000070b900000| Untracked 
| 120|0x000000070ba00000, 0x000000070ba00000, 0x000000070bb00000|  0%| F|  |TAMS 0x000000070ba00000, 0x000000070ba00000| Untracked 
| 121|0x000000070bb00000, 0x000000070bb00000, 0x000000070bc00000|  0%| F|  |TAMS 0x000000070bb00000, 0x000000070bb00000| Untracked 
| 122|0x000000070bc00000, 0x000000070bc00000, 0x000000070bd00000|  0%| F|  |TAMS 0x000000070bc00000, 0x000000070bc00000| Untracked 
| 123|0x000000070bd00000, 0x000000070bd00000, 0x000000070be00000|  0%| F|  |TAMS 0x000000070bd00000, 0x000000070bd00000| Untracked 
| 124|0x000000070be00000, 0x000000070be00000, 0x000000070bf00000|  0%| F|  |TAMS 0x000000070be00000, 0x000000070be00000| Untracked 
| 125|0x000000070bf00000, 0x000000070bf00000, 0x000000070c000000|  0%| F|  |TAMS 0x000000070bf00000, 0x000000070bf00000| Untracked 
| 126|0x000000070c000000, 0x000000070c000000, 0x000000070c100000|  0%| F|  |TAMS 0x000000070c000000, 0x000000070c000000| Untracked 
| 127|0x000000070c100000, 0x000000070c100000, 0x000000070c200000|  0%| F|  |TAMS 0x000000070c100000, 0x000000070c100000| Untracked 
| 128|0x000000070c200000, 0x000000070c200000, 0x000000070c300000|  0%| F|  |TAMS 0x000000070c200000, 0x000000070c200000| Untracked 
| 129|0x000000070c300000, 0x000000070c300000, 0x000000070c400000|  0%| F|  |TAMS 0x000000070c300000, 0x000000070c300000| Untracked 
| 130|0x000000070c400000, 0x000000070c400000, 0x000000070c500000|  0%| F|  |TAMS 0x000000070c400000, 0x000000070c400000| Untracked 
| 131|0x000000070c500000, 0x000000070c500000, 0x000000070c600000|  0%| F|  |TAMS 0x000000070c500000, 0x000000070c500000| Untracked 
| 132|0x000000070c600000, 0x000000070c600000, 0x000000070c700000|  0%| F|  |TAMS 0x000000070c600000, 0x000000070c600000| Untracked 
| 133|0x000000070c700000, 0x000000070c700000, 0x000000070c800000|  0%| F|  |TAMS 0x000000070c700000, 0x000000070c700000| Untracked 
| 134|0x000000070c800000, 0x000000070c800000, 0x000000070c900000|  0%| F|  |TAMS 0x000000070c800000, 0x000000070c800000| Untracked 
| 135|0x000000070c900000, 0x000000070c900000, 0x000000070ca00000|  0%| F|  |TAMS 0x000000070c900000, 0x000000070c900000| Untracked 
| 136|0x000000070ca00000, 0x000000070ca00000, 0x000000070cb00000|  0%| F|  |TAMS 0x000000070ca00000, 0x000000070ca00000| Untracked 
| 137|0x000000070cb00000, 0x000000070cb00000, 0x000000070cc00000|  0%| F|  |TAMS 0x000000070cb00000, 0x000000070cb00000| Untracked 
| 138|0x000000070cc00000, 0x000000070cc00000, 0x000000070cd00000|  0%| F|  |TAMS 0x000000070cc00000, 0x000000070cc00000| Untracked 
| 139|0x000000070cd00000, 0x000000070cd00000, 0x000000070ce00000|  0%| F|  |TAMS 0x000000070cd00000, 0x000000070cd00000| Untracked 
| 140|0x000000070ce00000, 0x000000070ce00000, 0x000000070cf00000|  0%| F|  |TAMS 0x000000070ce00000, 0x000000070ce00000| Untracked 
| 141|0x000000070cf00000, 0x000000070d000000, 0x000000070d000000|100%| S|CS|TAMS 0x000000070cf00000, 0x000000070cf00000| Complete 
| 142|0x000000070d000000, 0x000000070d100000, 0x000000070d100000|100%| S|CS|TAMS 0x000000070d000000, 0x000000070d000000| Complete 
| 143|0x000000070d100000, 0x000000070d200000, 0x000000070d200000|100%| S|CS|TAMS 0x000000070d100000, 0x000000070d100000| Complete 
| 144|0x000000070d200000, 0x000000070d300000, 0x000000070d300000|100%| S|CS|TAMS 0x000000070d200000, 0x000000070d200000| Complete 
| 145|0x000000070d300000, 0x000000070d400000, 0x000000070d400000|100%| S|CS|TAMS 0x000000070d300000, 0x000000070d300000| Complete 
| 146|0x000000070d400000, 0x000000070d500000, 0x000000070d500000|100%| S|CS|TAMS 0x000000070d400000, 0x000000070d400000| Complete 
| 147|0x000000070d500000, 0x000000070d600000, 0x000000070d600000|100%| S|CS|TAMS 0x000000070d500000, 0x000000070d500000| Complete 
| 148|0x000000070d600000, 0x000000070d700000, 0x000000070d700000|100%| S|CS|TAMS 0x000000070d600000, 0x000000070d600000| Complete 
| 149|0x000000070d700000, 0x000000070d800000, 0x000000070d800000|100%| S|CS|TAMS 0x000000070d700000, 0x000000070d700000| Complete 
| 150|0x000000070d800000, 0x000000070d900000, 0x000000070d900000|100%| S|CS|TAMS 0x000000070d800000, 0x000000070d800000| Complete 
| 151|0x000000070d900000, 0x000000070da00000, 0x000000070da00000|100%| S|CS|TAMS 0x000000070d900000, 0x000000070d900000| Complete 
| 152|0x000000070da00000, 0x000000070db00000, 0x000000070db00000|100%| S|CS|TAMS 0x000000070da00000, 0x000000070da00000| Complete 
| 153|0x000000070db00000, 0x000000070dc00000, 0x000000070dc00000|100%| S|CS|TAMS 0x000000070db00000, 0x000000070db00000| Complete 
| 154|0x000000070dc00000, 0x000000070dd00000, 0x000000070dd00000|100%| S|CS|TAMS 0x000000070dc00000, 0x000000070dc00000| Complete 
| 155|0x000000070dd00000, 0x000000070dd00000, 0x000000070de00000|  0%| F|  |TAMS 0x000000070dd00000, 0x000000070dd00000| Untracked 
| 156|0x000000070de00000, 0x000000070de00000, 0x000000070df00000|  0%| F|  |TAMS 0x000000070de00000, 0x000000070de00000| Untracked 
| 157|0x000000070df00000, 0x000000070df00000, 0x000000070e000000|  0%| F|  |TAMS 0x000000070df00000, 0x000000070df00000| Untracked 
| 158|0x000000070e000000, 0x000000070e000000, 0x000000070e100000|  0%| F|  |TAMS 0x000000070e000000, 0x000000070e000000| Untracked 
| 159|0x000000070e100000, 0x000000070e100000, 0x000000070e200000|  0%| F|  |TAMS 0x000000070e100000, 0x000000070e100000| Untracked 
| 160|0x000000070e200000, 0x000000070e200000, 0x000000070e300000|  0%| F|  |TAMS 0x000000070e200000, 0x000000070e200000| Untracked 
| 161|0x000000070e300000, 0x000000070e300000, 0x000000070e400000|  0%| F|  |TAMS 0x000000070e300000, 0x000000070e300000| Untracked 
| 162|0x000000070e400000, 0x000000070e400000, 0x000000070e500000|  0%| F|  |TAMS 0x000000070e400000, 0x000000070e400000| Untracked 
| 163|0x000000070e500000, 0x000000070e500000, 0x000000070e600000|  0%| F|  |TAMS 0x000000070e500000, 0x000000070e500000| Untracked 
| 164|0x000000070e600000, 0x000000070e600000, 0x000000070e700000|  0%| F|  |TAMS 0x000000070e600000, 0x000000070e600000| Untracked 
| 165|0x000000070e700000, 0x000000070e700000, 0x000000070e800000|  0%| F|  |TAMS 0x000000070e700000, 0x000000070e700000| Untracked 
| 166|0x000000070e800000, 0x000000070e800000, 0x000000070e900000|  0%| F|  |TAMS 0x000000070e800000, 0x000000070e800000| Untracked 
| 167|0x000000070e900000, 0x000000070e900000, 0x000000070ea00000|  0%| F|  |TAMS 0x000000070e900000, 0x000000070e900000| Untracked 
| 168|0x000000070ea00000, 0x000000070ea00000, 0x000000070eb00000|  0%| F|  |TAMS 0x000000070ea00000, 0x000000070ea00000| Untracked 
| 169|0x000000070eb00000, 0x000000070eb00000, 0x000000070ec00000|  0%| F|  |TAMS 0x000000070eb00000, 0x000000070eb00000| Untracked 
| 170|0x000000070ec00000, 0x000000070ec00000, 0x000000070ed00000|  0%| F|  |TAMS 0x000000070ec00000, 0x000000070ec00000| Untracked 
| 171|0x000000070ed00000, 0x000000070ed00000, 0x000000070ee00000|  0%| F|  |TAMS 0x000000070ed00000, 0x000000070ed00000| Untracked 
| 172|0x000000070ee00000, 0x000000070ee00000, 0x000000070ef00000|  0%| F|  |TAMS 0x000000070ee00000, 0x000000070ee00000| Untracked 
| 173|0x000000070ef00000, 0x000000070ef00000, 0x000000070f000000|  0%| F|  |TAMS 0x000000070ef00000, 0x000000070ef00000| Untracked 
| 174|0x000000070f000000, 0x000000070f000000, 0x000000070f100000|  0%| F|  |TAMS 0x000000070f000000, 0x000000070f000000| Untracked 
| 175|0x000000070f100000, 0x000000070f100000, 0x000000070f200000|  0%| F|  |TAMS 0x000000070f100000, 0x000000070f100000| Untracked 
| 176|0x000000070f200000, 0x000000070f200000, 0x000000070f300000|  0%| F|  |TAMS 0x000000070f200000, 0x000000070f200000| Untracked 
| 177|0x000000070f300000, 0x000000070f300000, 0x000000070f400000|  0%| F|  |TAMS 0x000000070f300000, 0x000000070f300000| Untracked 
| 178|0x000000070f400000, 0x000000070f400000, 0x000000070f500000|  0%| F|  |TAMS 0x000000070f400000, 0x000000070f400000| Untracked 
| 179|0x000000070f500000, 0x000000070f500000, 0x000000070f600000|  0%| F|  |TAMS 0x000000070f500000, 0x000000070f500000| Untracked 
| 180|0x000000070f600000, 0x000000070f600000, 0x000000070f700000|  0%| F|  |TAMS 0x000000070f600000, 0x000000070f600000| Untracked 
| 181|0x000000070f700000, 0x000000070f700000, 0x000000070f800000|  0%| F|  |TAMS 0x000000070f700000, 0x000000070f700000| Untracked 
| 182|0x000000070f800000, 0x000000070f800000, 0x000000070f900000|  0%| F|  |TAMS 0x000000070f800000, 0x000000070f800000| Untracked 
| 183|0x000000070f900000, 0x000000070f900000, 0x000000070fa00000|  0%| F|  |TAMS 0x000000070f900000, 0x000000070f900000| Untracked 
| 184|0x000000070fa00000, 0x000000070fa00000, 0x000000070fb00000|  0%| F|  |TAMS 0x000000070fa00000, 0x000000070fa00000| Untracked 
| 185|0x000000070fb00000, 0x000000070fb00000, 0x000000070fc00000|  0%| F|  |TAMS 0x000000070fb00000, 0x000000070fb00000| Untracked 
| 186|0x000000070fc00000, 0x000000070fc00000, 0x000000070fd00000|  0%| F|  |TAMS 0x000000070fc00000, 0x000000070fc00000| Untracked 
| 187|0x000000070fd00000, 0x000000070fd00000, 0x000000070fe00000|  0%| F|  |TAMS 0x000000070fd00000, 0x000000070fd00000| Untracked 
| 188|0x000000070fe00000, 0x000000070fe00000, 0x000000070ff00000|  0%| F|  |TAMS 0x000000070fe00000, 0x000000070fe00000| Untracked 
| 189|0x000000070ff00000, 0x000000070ff00000, 0x0000000710000000|  0%| F|  |TAMS 0x000000070ff00000, 0x000000070ff00000| Untracked 
| 190|0x0000000710000000, 0x0000000710000000, 0x0000000710100000|  0%| F|  |TAMS 0x0000000710000000, 0x0000000710000000| Untracked 
| 191|0x0000000710100000, 0x0000000710100000, 0x0000000710200000|  0%| F|  |TAMS 0x0000000710100000, 0x0000000710100000| Untracked 
| 192|0x0000000710200000, 0x0000000710200000, 0x0000000710300000|  0%| F|  |TAMS 0x0000000710200000, 0x0000000710200000| Untracked 
| 193|0x0000000710300000, 0x0000000710300000, 0x0000000710400000|  0%| F|  |TAMS 0x0000000710300000, 0x0000000710300000| Untracked 
| 194|0x0000000710400000, 0x0000000710400000, 0x0000000710500000|  0%| F|  |TAMS 0x0000000710400000, 0x0000000710400000| Untracked 
| 195|0x0000000710500000, 0x0000000710500000, 0x0000000710600000|  0%| F|  |TAMS 0x0000000710500000, 0x0000000710500000| Untracked 
| 196|0x0000000710600000, 0x0000000710600000, 0x0000000710700000|  0%| F|  |TAMS 0x0000000710600000, 0x0000000710600000| Untracked 
| 197|0x0000000710700000, 0x0000000710700000, 0x0000000710800000|  0%| F|  |TAMS 0x0000000710700000, 0x0000000710700000| Untracked 
| 198|0x0000000710800000, 0x0000000710800000, 0x0000000710900000|  0%| F|  |TAMS 0x0000000710800000, 0x0000000710800000| Untracked 
| 199|0x0000000710900000, 0x0000000710900000, 0x0000000710a00000|  0%| F|  |TAMS 0x0000000710900000, 0x0000000710900000| Untracked 
| 200|0x0000000710a00000, 0x0000000710a00000, 0x0000000710b00000|  0%| F|  |TAMS 0x0000000710a00000, 0x0000000710a00000| Untracked 
| 201|0x0000000710b00000, 0x0000000710b00000, 0x0000000710c00000|  0%| F|  |TAMS 0x0000000710b00000, 0x0000000710b00000| Untracked 
| 202|0x0000000710c00000, 0x0000000710c00000, 0x0000000710d00000|  0%| F|  |TAMS 0x0000000710c00000, 0x0000000710c00000| Untracked 
| 203|0x0000000710d00000, 0x0000000710d00000, 0x0000000710e00000|  0%| F|  |TAMS 0x0000000710d00000, 0x0000000710d00000| Untracked 
| 204|0x0000000710e00000, 0x0000000710e00000, 0x0000000710f00000|  0%| F|  |TAMS 0x0000000710e00000, 0x0000000710e00000| Untracked 
| 205|0x0000000710f00000, 0x0000000710f00000, 0x0000000711000000|  0%| F|  |TAMS 0x0000000710f00000, 0x0000000710f00000| Untracked 
| 206|0x0000000711000000, 0x0000000711000000, 0x0000000711100000|  0%| F|  |TAMS 0x0000000711000000, 0x0000000711000000| Untracked 
| 207|0x0000000711100000, 0x0000000711100000, 0x0000000711200000|  0%| F|  |TAMS 0x0000000711100000, 0x0000000711100000| Untracked 
| 208|0x0000000711200000, 0x0000000711200000, 0x0000000711300000|  0%| F|  |TAMS 0x0000000711200000, 0x0000000711200000| Untracked 
| 209|0x0000000711300000, 0x0000000711300000, 0x0000000711400000|  0%| F|  |TAMS 0x0000000711300000, 0x0000000711300000| Untracked 
| 210|0x0000000711400000, 0x0000000711400000, 0x0000000711500000|  0%| F|  |TAMS 0x0000000711400000, 0x0000000711400000| Untracked 
| 211|0x0000000711500000, 0x0000000711500000, 0x0000000711600000|  0%| F|  |TAMS 0x0000000711500000, 0x0000000711500000| Untracked 
| 212|0x0000000711600000, 0x0000000711600000, 0x0000000711700000|  0%| F|  |TAMS 0x0000000711600000, 0x0000000711600000| Untracked 
| 213|0x0000000711700000, 0x0000000711700000, 0x0000000711800000|  0%| F|  |TAMS 0x0000000711700000, 0x0000000711700000| Untracked 
| 214|0x0000000711800000, 0x0000000711800000, 0x0000000711900000|  0%| F|  |TAMS 0x0000000711800000, 0x0000000711800000| Untracked 
| 215|0x0000000711900000, 0x0000000711900000, 0x0000000711a00000|  0%| F|  |TAMS 0x0000000711900000, 0x0000000711900000| Untracked 
| 216|0x0000000711a00000, 0x0000000711a00000, 0x0000000711b00000|  0%| F|  |TAMS 0x0000000711a00000, 0x0000000711a00000| Untracked 
| 217|0x0000000711b00000, 0x0000000711b00000, 0x0000000711c00000|  0%| F|  |TAMS 0x0000000711b00000, 0x0000000711b00000| Untracked 
| 218|0x0000000711c00000, 0x0000000711c00000, 0x0000000711d00000|  0%| F|  |TAMS 0x0000000711c00000, 0x0000000711c00000| Untracked 
| 219|0x0000000711d00000, 0x0000000711d00000, 0x0000000711e00000|  0%| F|  |TAMS 0x0000000711d00000, 0x0000000711d00000| Untracked 
| 220|0x0000000711e00000, 0x0000000711e00000, 0x0000000711f00000|  0%| F|  |TAMS 0x0000000711e00000, 0x0000000711e00000| Untracked 
| 221|0x0000000711f00000, 0x0000000711f00000, 0x0000000712000000|  0%| F|  |TAMS 0x0000000711f00000, 0x0000000711f00000| Untracked 
| 222|0x0000000712000000, 0x0000000712000000, 0x0000000712100000|  0%| F|  |TAMS 0x0000000712000000, 0x0000000712000000| Untracked 
| 223|0x0000000712100000, 0x0000000712100000, 0x0000000712200000|  0%| F|  |TAMS 0x0000000712100000, 0x0000000712100000| Untracked 
| 224|0x0000000712200000, 0x0000000712200000, 0x0000000712300000|  0%| F|  |TAMS 0x0000000712200000, 0x0000000712200000| Untracked 
| 225|0x0000000712300000, 0x0000000712300000, 0x0000000712400000|  0%| F|  |TAMS 0x0000000712300000, 0x0000000712300000| Untracked 
| 226|0x0000000712400000, 0x0000000712400000, 0x0000000712500000|  0%| F|  |TAMS 0x0000000712400000, 0x0000000712400000| Untracked 
| 227|0x0000000712500000, 0x0000000712500000, 0x0000000712600000|  0%| F|  |TAMS 0x0000000712500000, 0x0000000712500000| Untracked 
| 228|0x0000000712600000, 0x0000000712600000, 0x0000000712700000|  0%| F|  |TAMS 0x0000000712600000, 0x0000000712600000| Untracked 
| 229|0x0000000712700000, 0x0000000712700000, 0x0000000712800000|  0%| F|  |TAMS 0x0000000712700000, 0x0000000712700000| Untracked 
| 230|0x0000000712800000, 0x0000000712800000, 0x0000000712900000|  0%| F|  |TAMS 0x0000000712800000, 0x0000000712800000| Untracked 
| 231|0x0000000712900000, 0x0000000712900000, 0x0000000712a00000|  0%| F|  |TAMS 0x0000000712900000, 0x0000000712900000| Untracked 
| 232|0x0000000712a00000, 0x0000000712a00000, 0x0000000712b00000|  0%| F|  |TAMS 0x0000000712a00000, 0x0000000712a00000| Untracked 
| 233|0x0000000712b00000, 0x0000000712b00000, 0x0000000712c00000|  0%| F|  |TAMS 0x0000000712b00000, 0x0000000712b00000| Untracked 
| 234|0x0000000712c00000, 0x0000000712c00000, 0x0000000712d00000|  0%| F|  |TAMS 0x0000000712c00000, 0x0000000712c00000| Untracked 
| 235|0x0000000712d00000, 0x0000000712d00000, 0x0000000712e00000|  0%| F|  |TAMS 0x0000000712d00000, 0x0000000712d00000| Untracked 
| 236|0x0000000712e00000, 0x0000000712e00000, 0x0000000712f00000|  0%| F|  |TAMS 0x0000000712e00000, 0x0000000712e00000| Untracked 
| 237|0x0000000712f00000, 0x0000000712f00000, 0x0000000713000000|  0%| F|  |TAMS 0x0000000712f00000, 0x0000000712f00000| Untracked 
| 238|0x0000000713000000, 0x0000000713000000, 0x0000000713100000|  0%| F|  |TAMS 0x0000000713000000, 0x0000000713000000| Untracked 
| 239|0x0000000713100000, 0x0000000713100000, 0x0000000713200000|  0%| F|  |TAMS 0x0000000713100000, 0x0000000713100000| Untracked 
| 240|0x0000000713200000, 0x0000000713200000, 0x0000000713300000|  0%| F|  |TAMS 0x0000000713200000, 0x0000000713200000| Untracked 
| 241|0x0000000713300000, 0x0000000713300000, 0x0000000713400000|  0%| F|  |TAMS 0x0000000713300000, 0x0000000713300000| Untracked 
| 242|0x0000000713400000, 0x0000000713500000, 0x0000000713500000|100%| E|  |TAMS 0x0000000713400000, 0x0000000713400000| Complete 
| 243|0x0000000713500000, 0x0000000713600000, 0x0000000713600000|100%| E|CS|TAMS 0x0000000713500000, 0x0000000713500000| Complete 
| 244|0x0000000713600000, 0x0000000713700000, 0x0000000713700000|100%| E|CS|TAMS 0x0000000713600000, 0x0000000713600000| Complete 
| 245|0x0000000713700000, 0x0000000713800000, 0x0000000713800000|100%| E|CS|TAMS 0x0000000713700000, 0x0000000713700000| Complete 
| 246|0x0000000713800000, 0x0000000713900000, 0x0000000713900000|100%| E|CS|TAMS 0x0000000713800000, 0x0000000713800000| Complete 
| 247|0x0000000713900000, 0x0000000713a00000, 0x0000000713a00000|100%| E|CS|TAMS 0x0000000713900000, 0x0000000713900000| Complete 
| 248|0x0000000713a00000, 0x0000000713b00000, 0x0000000713b00000|100%| E|CS|TAMS 0x0000000713a00000, 0x0000000713a00000| Complete 
| 249|0x0000000713b00000, 0x0000000713c00000, 0x0000000713c00000|100%| E|CS|TAMS 0x0000000713b00000, 0x0000000713b00000| Complete 
| 250|0x0000000713c00000, 0x0000000713d00000, 0x0000000713d00000|100%| E|CS|TAMS 0x0000000713c00000, 0x0000000713c00000| Complete 
| 251|0x0000000713d00000, 0x0000000713e00000, 0x0000000713e00000|100%| E|CS|TAMS 0x0000000713d00000, 0x0000000713d00000| Complete 
| 252|0x0000000713e00000, 0x0000000713f00000, 0x0000000713f00000|100%| E|CS|TAMS 0x0000000713e00000, 0x0000000713e00000| Complete 
| 253|0x0000000713f00000, 0x0000000714000000, 0x0000000714000000|100%| E|CS|TAMS 0x0000000713f00000, 0x0000000713f00000| Complete 
| 254|0x0000000714000000, 0x0000000714100000, 0x0000000714100000|100%| E|CS|TAMS 0x0000000714000000, 0x0000000714000000| Complete 
| 255|0x0000000714100000, 0x0000000714200000, 0x0000000714200000|100%| E|CS|TAMS 0x0000000714100000, 0x0000000714100000| Complete 
| 256|0x0000000714200000, 0x0000000714300000, 0x0000000714300000|100%| E|CS|TAMS 0x0000000714200000, 0x0000000714200000| Complete 
| 257|0x0000000714300000, 0x0000000714400000, 0x0000000714400000|100%| E|CS|TAMS 0x0000000714300000, 0x0000000714300000| Complete 
| 258|0x0000000714400000, 0x0000000714500000, 0x0000000714500000|100%| E|CS|TAMS 0x0000000714400000, 0x0000000714400000| Complete 
| 259|0x0000000714500000, 0x0000000714600000, 0x0000000714600000|100%| E|CS|TAMS 0x0000000714500000, 0x0000000714500000| Complete 
| 260|0x0000000714600000, 0x0000000714700000, 0x0000000714700000|100%| E|CS|TAMS 0x0000000714600000, 0x0000000714600000| Complete 
| 261|0x0000000714700000, 0x0000000714800000, 0x0000000714800000|100%| E|CS|TAMS 0x0000000714700000, 0x0000000714700000| Complete 
| 262|0x0000000714800000, 0x0000000714900000, 0x0000000714900000|100%| E|CS|TAMS 0x0000000714800000, 0x0000000714800000| Complete 
| 263|0x0000000714900000, 0x0000000714a00000, 0x0000000714a00000|100%| E|CS|TAMS 0x0000000714900000, 0x0000000714900000| Complete 
| 264|0x0000000714a00000, 0x0000000714b00000, 0x0000000714b00000|100%| E|CS|TAMS 0x0000000714a00000, 0x0000000714a00000| Complete 
| 265|0x0000000714b00000, 0x0000000714c00000, 0x0000000714c00000|100%| E|CS|TAMS 0x0000000714b00000, 0x0000000714b00000| Complete 
| 266|0x0000000714c00000, 0x0000000714d00000, 0x0000000714d00000|100%| E|CS|TAMS 0x0000000714c00000, 0x0000000714c00000| Complete 
| 267|0x0000000714d00000, 0x0000000714e00000, 0x0000000714e00000|100%| E|CS|TAMS 0x0000000714d00000, 0x0000000714d00000| Complete 
| 268|0x0000000714e00000, 0x0000000714f00000, 0x0000000714f00000|100%| E|CS|TAMS 0x0000000714e00000, 0x0000000714e00000| Complete 
| 269|0x0000000714f00000, 0x0000000715000000, 0x0000000715000000|100%| E|CS|TAMS 0x0000000714f00000, 0x0000000714f00000| Complete 
| 270|0x0000000715000000, 0x0000000715100000, 0x0000000715100000|100%| E|CS|TAMS 0x0000000715000000, 0x0000000715000000| Complete 
| 271|0x0000000715100000, 0x0000000715200000, 0x0000000715200000|100%| E|CS|TAMS 0x0000000715100000, 0x0000000715100000| Complete 
| 272|0x0000000715200000, 0x0000000715300000, 0x0000000715300000|100%| E|CS|TAMS 0x0000000715200000, 0x0000000715200000| Complete 
| 273|0x0000000715300000, 0x0000000715400000, 0x0000000715400000|100%| E|CS|TAMS 0x0000000715300000, 0x0000000715300000| Complete 
| 274|0x0000000715400000, 0x0000000715500000, 0x0000000715500000|100%| E|CS|TAMS 0x0000000715400000, 0x0000000715400000| Complete 
| 275|0x0000000715500000, 0x0000000715600000, 0x0000000715600000|100%| E|CS|TAMS 0x0000000715500000, 0x0000000715500000| Complete 
| 276|0x0000000715600000, 0x0000000715700000, 0x0000000715700000|100%| E|CS|TAMS 0x0000000715600000, 0x0000000715600000| Complete 
| 277|0x0000000715700000, 0x0000000715800000, 0x0000000715800000|100%| E|CS|TAMS 0x0000000715700000, 0x0000000715700000| Complete 
| 278|0x0000000715800000, 0x0000000715900000, 0x0000000715900000|100%| E|CS|TAMS 0x0000000715800000, 0x0000000715800000| Complete 
| 279|0x0000000715900000, 0x0000000715a00000, 0x0000000715a00000|100%| E|CS|TAMS 0x0000000715900000, 0x0000000715900000| Complete 
| 280|0x0000000715a00000, 0x0000000715b00000, 0x0000000715b00000|100%| E|CS|TAMS 0x0000000715a00000, 0x0000000715a00000| Complete 
| 281|0x0000000715b00000, 0x0000000715c00000, 0x0000000715c00000|100%| E|CS|TAMS 0x0000000715b00000, 0x0000000715b00000| Complete 
| 282|0x0000000715c00000, 0x0000000715d00000, 0x0000000715d00000|100%| E|CS|TAMS 0x0000000715c00000, 0x0000000715c00000| Complete 
| 283|0x0000000715d00000, 0x0000000715e00000, 0x0000000715e00000|100%| E|CS|TAMS 0x0000000715d00000, 0x0000000715d00000| Complete 
| 284|0x0000000715e00000, 0x0000000715f00000, 0x0000000715f00000|100%| E|CS|TAMS 0x0000000715e00000, 0x0000000715e00000| Complete 
| 285|0x0000000715f00000, 0x0000000716000000, 0x0000000716000000|100%| E|CS|TAMS 0x0000000715f00000, 0x0000000715f00000| Complete 
| 286|0x0000000716000000, 0x0000000716100000, 0x0000000716100000|100%| E|CS|TAMS 0x0000000716000000, 0x0000000716000000| Complete 
| 287|0x0000000716100000, 0x0000000716200000, 0x0000000716200000|100%| E|CS|TAMS 0x0000000716100000, 0x0000000716100000| Complete 
| 288|0x0000000716200000, 0x0000000716300000, 0x0000000716300000|100%| E|CS|TAMS 0x0000000716200000, 0x0000000716200000| Complete 
| 289|0x0000000716300000, 0x0000000716400000, 0x0000000716400000|100%| E|CS|TAMS 0x0000000716300000, 0x0000000716300000| Complete 
| 290|0x0000000716400000, 0x0000000716500000, 0x0000000716500000|100%| E|CS|TAMS 0x0000000716400000, 0x0000000716400000| Complete 
| 291|0x0000000716500000, 0x0000000716600000, 0x0000000716600000|100%| E|CS|TAMS 0x0000000716500000, 0x0000000716500000| Complete 
| 292|0x0000000716600000, 0x0000000716700000, 0x0000000716700000|100%| E|CS|TAMS 0x0000000716600000, 0x0000000716600000| Complete 
| 293|0x0000000716700000, 0x0000000716800000, 0x0000000716800000|100%| E|CS|TAMS 0x0000000716700000, 0x0000000716700000| Complete 
| 294|0x0000000716800000, 0x0000000716900000, 0x0000000716900000|100%| E|CS|TAMS 0x0000000716800000, 0x0000000716800000| Complete 
| 295|0x0000000716900000, 0x0000000716a00000, 0x0000000716a00000|100%| E|CS|TAMS 0x0000000716900000, 0x0000000716900000| Complete 
| 296|0x0000000716a00000, 0x0000000716b00000, 0x0000000716b00000|100%| E|CS|TAMS 0x0000000716a00000, 0x0000000716a00000| Complete 
| 297|0x0000000716b00000, 0x0000000716c00000, 0x0000000716c00000|100%| E|CS|TAMS 0x0000000716b00000, 0x0000000716b00000| Complete 
| 298|0x0000000716c00000, 0x0000000716d00000, 0x0000000716d00000|100%| E|CS|TAMS 0x0000000716c00000, 0x0000000716c00000| Complete 
| 299|0x0000000716d00000, 0x0000000716e00000, 0x0000000716e00000|100%| E|CS|TAMS 0x0000000716d00000, 0x0000000716d00000| Complete 
| 300|0x0000000716e00000, 0x0000000716f00000, 0x0000000716f00000|100%| E|CS|TAMS 0x0000000716e00000, 0x0000000716e00000| Complete 
| 301|0x0000000716f00000, 0x0000000717000000, 0x0000000717000000|100%| E|CS|TAMS 0x0000000716f00000, 0x0000000716f00000| Complete 
| 302|0x0000000717000000, 0x0000000717100000, 0x0000000717100000|100%| E|CS|TAMS 0x0000000717000000, 0x0000000717000000| Complete 

Card table byte_map: [0x000002557cc90000,0x000002557d470000] _byte_map_base: 0x000002557946f000

Marking Bits (Prev, Next): (CMBitMap*) 0x0000025564b82a70, (CMBitMap*) 0x0000025564b82a38
 Prev Bits: [0x0000025503f00000, 0x0000025507df8000)
 Next Bits: [0x0000025500000000, 0x0000025503ef8000)

Polling page: 0x00000255642c0000

Metaspace:

Usage:
  Non-class:     56.19 MB capacity,    55.19 MB ( 98%) used,   804.64 KB (  1%) free+waste,   217.88 KB ( <1%) overhead. 
      Class:      8.94 MB capacity,     8.22 MB ( 92%) used,   638.65 KB (  7%) free+waste,   103.56 KB (  1%) overhead. 
       Both:     65.13 MB capacity,    63.41 MB ( 97%) used,     1.41 MB (  2%) free+waste,   321.44 KB ( <1%) overhead. 

Virtual space:
  Non-class space:       58.00 MB reserved,      56.25 MB ( 97%) committed 
      Class space:        1.00 GB reserved,       9.00 MB ( <1%) committed 
             Both:        1.06 GB reserved,      65.25 MB (  6%) committed 

Chunk freelists:
   Non-Class:  0 bytes
       Class:  3.50 KB
        Both:  3.50 KB

CodeHeap 'non-profiled nmethods': size=120000Kb used=3008Kb max_used=3008Kb free=116991Kb
 bounds [0x0000025574a30000, 0x0000025574d40000, 0x000002557bf60000]
CodeHeap 'profiled nmethods': size=120000Kb used=9970Kb max_used=10190Kb free=110029Kb
 bounds [0x000002556d500000, 0x000002556df00000, 0x0000025574a30000]
CodeHeap 'non-nmethods': size=5760Kb used=1217Kb max_used=1259Kb free=4543Kb
 bounds [0x000002556cf60000, 0x000002556d1d0000, 0x000002556d500000]
 total_blobs=5054 nmethods=4487 adapters=478
 compilation: enabled
              stopped_count=0, restarted_count=0
 full_count=0

Compilation events (10 events):
Event: 5.223 Thread 0x00000255091ca000 5087       3       org.springframework.core.ResolvableType::forMethodParameter (40 bytes)
Event: 5.223 Thread 0x00000255091ca000 nmethod 5087 0x000002556d9d2d10 code [0x000002556d9d2f60, 0x000002556d9d3950]
Event: 5.223 Thread 0x00000255091ca000 5088       3       java.lang.Class::methodToString (98 bytes)
Event: 5.224 Thread 0x00000255091ca000 nmethod 5088 0x000002556d9dcf90 code [0x000002556d9dd280, 0x000002556d9de040]
Event: 5.224 Thread 0x00000255091ca000 5089       3       java.lang.NoSuchMethodException::<init> (6 bytes)
Event: 5.224 Thread 0x00000255091ca000 nmethod 5089 0x000002556d8dfc10 code [0x000002556d8dfdc0, 0x000002556d8e0010]
Event: 5.224 Thread 0x00000255091ca000 5090       3       org.springframework.beans.factory.support.ConstructorResolver::setCurrentInjectionPoint (32 bytes)
Event: 5.224 Thread 0x00000255091ca000 nmethod 5090 0x000002556d9dc010 code [0x000002556d9dc240, 0x000002556d9dcce0]
Event: 5.227 Thread 0x00000255091ca000 5091       3       org.springframework.context.support.AbstractApplicationContext::findAnnotationOnBean (16 bytes)
Event: 5.227 Thread 0x00000255091ca000 nmethod 5091 0x000002556d8fc710 code [0x000002556d8fc8e0, 0x000002556d8fccb0]

GC Heap History (10 events):
Event: 0.998 GC heap before
{Heap before GC invocations=1 (full 0):
 garbage-first heap   total 258048K, used 89094K [0x0000000704200000, 0x0000000800000000)
  region size 1024K, 85 young (87040K), 3 survivors (3072K)
 Metaspace       used 20676K, capacity 21129K, committed 21248K, reserved 1069056K
  class space    used 2238K, capacity 2447K, committed 2560K, reserved 1048576K
}
Event: 1.003 GC heap after
{Heap after GC invocations=2 (full 0):
 garbage-first heap   total 258048K, used 9188K [0x0000000704200000, 0x0000000800000000)
  region size 1024K, 5 young (5120K), 5 survivors (5120K)
 Metaspace       used 20676K, capacity 21129K, committed 21248K, reserved 1069056K
  class space    used 2238K, capacity 2447K, committed 2560K, reserved 1048576K
}
Event: 1.610 GC heap before
{Heap before GC invocations=3 (full 0):
 garbage-first heap   total 258048K, used 93156K [0x0000000704200000, 0x0000000800000000)
  region size 1024K, 88 young (90112K), 5 survivors (5120K)
 Metaspace       used 26820K, capacity 27430K, committed 27648K, reserved 1073152K
  class space    used 2968K, capacity 3219K, committed 3328K, reserved 1048576K
}
Event: 1.616 GC heap after
{Heap after GC invocations=4 (full 0):
 garbage-first heap   total 258048K, used 11625K [0x0000000704200000, 0x0000000800000000)
  region size 1024K, 8 young (8192K), 8 survivors (8192K)
 Metaspace       used 26820K, capacity 27430K, committed 27648K, reserved 1073152K
  class space    used 2968K, capacity 3219K, committed 3328K, reserved 1048576K
}
Event: 2.613 GC heap before
{Heap before GC invocations=4 (full 0):
 garbage-first heap   total 258048K, used 86377K [0x0000000704200000, 0x0000000800000000)
  region size 1024K, 82 young (83968K), 8 survivors (8192K)
 Metaspace       used 34707K, capacity 35773K, committed 35840K, reserved 1081344K
  class space    used 4164K, capacity 4541K, committed 4608K, reserved 1048576K
}
Event: 2.621 GC heap after
{Heap after GC invocations=5 (full 0):
 garbage-first heap   total 258048K, used 14699K [0x0000000704200000, 0x0000000800000000)
  region size 1024K, 11 young (11264K), 11 survivors (11264K)
 Metaspace       used 34707K, capacity 35773K, committed 35840K, reserved 1081344K
  class space    used 4164K, capacity 4541K, committed 4608K, reserved 1048576K
}
Event: 3.171 GC heap before
{Heap before GC invocations=6 (full 0):
 garbage-first heap   total 258048K, used 125291K [0x0000000704200000, 0x0000000800000000)
  region size 1024K, 120 young (122880K), 11 survivors (11264K)
 Metaspace       used 38703K, capacity 39840K, committed 40064K, reserved 1083392K
  class space    used 4647K, capacity 5129K, committed 5248K, reserved 1048576K
}
Event: 3.181 GC heap after
{Heap after GC invocations=7 (full 0):
 garbage-first heap   total 310272K, used 16740K [0x0000000704200000, 0x0000000800000000)
  region size 1024K, 10 young (10240K), 10 survivors (10240K)
 Metaspace       used 38703K, capacity 39840K, committed 40064K, reserved 1083392K
  class space    used 4647K, capacity 5129K, committed 5248K, reserved 1048576K
}
Event: 4.618 GC heap before
{Heap before GC invocations=7 (full 0):
 garbage-first heap   total 310272K, used 167268K [0x0000000704200000, 0x0000000800000000)
  region size 1024K, 158 young (161792K), 10 survivors (10240K)
 Metaspace       used 58683K, capacity 60076K, committed 60160K, reserved 1101824K
  class space    used 7557K, capacity 8132K, committed 8192K, reserved 1048576K
}
Event: 4.628 GC heap after
{Heap after GC invocations=8 (full 0):
 garbage-first heap   total 310272K, used 21192K [0x0000000704200000, 0x0000000800000000)
  region size 1024K, 14 young (14336K), 14 survivors (14336K)
 Metaspace       used 58683K, capacity 60076K, committed 60160K, reserved 1101824K
  class space    used 7557K, capacity 8132K, committed 8192K, reserved 1048576K
}

Deoptimization events (10 events):
Event: 4.906 Thread 0x000002550a5b9000 Uncommon trap: reason=class_check action=maybe_recompile pc=0x0000025574b2acdc method=java.lang.reflect.Method.equals(Ljava/lang/Object;)Z @ 5 c2
Event: 4.906 Thread 0x000002550a5b9000 Uncommon trap: reason=class_check action=maybe_recompile pc=0x0000025574b2acdc method=java.lang.reflect.Method.equals(Ljava/lang/Object;)Z @ 5 c2
Event: 4.916 Thread 0x000002550a5b9000 Uncommon trap: reason=unstable_if action=reinterpret pc=0x0000025574b8467c method=org.springframework.beans.factory.support.AbstractBeanFactory.isTypeMatch(Ljava/lang/String;Lorg/springframework/core/ResolvableType;Z)Z @ 581 c2
Event: 4.950 Thread 0x000002550a5b9000 Uncommon trap: reason=unstable_if action=reinterpret pc=0x0000025574a93108 method=org.springframework.core.ResolvableType.resolveType()Lorg/springframework/core/ResolvableType; @ 37 c2
Event: 5.003 Thread 0x000002550a5b9000 Uncommon trap: reason=unstable_if action=reinterpret pc=0x0000025574a38c20 method=java.lang.String.isLatin1()Z @ 10 c2
Event: 5.129 Thread 0x000002550a5b9000 Uncommon trap: reason=unstable_if action=reinterpret pc=0x0000025574b6e1a8 method=org.springframework.core.annotation.TypeMappedAnnotations$MergedAnnotationFinder.process(Ljava/lang/Object;ILjava/lang/Object;Ljava/lang/annotation/Annotation;)Lorg/springfr
Event: 5.133 Thread 0x000002550a5b9000 Uncommon trap: reason=unstable_if action=reinterpret pc=0x0000025574a8a300 method=org.springframework.core.annotation.AnnotationsScanner.isWithoutHierarchy(Ljava/lang/reflect/AnnotatedElement;Lorg/springframework/core/annotation/MergedAnnotations$SearchSt
Event: 5.166 Thread 0x000002550a5b9000 Uncommon trap: reason=unstable_if action=reinterpret pc=0x0000025574d26000 method=org.springframework.core.annotation.AnnotationsScanner.processMethodAnnotations(Ljava/lang/Object;ILjava/lang/reflect/Method;Lorg/springframework/core/annotation/Annotations
Event: 5.182 Thread 0x000002550a5b9000 Uncommon trap: reason=unstable_if action=reinterpret pc=0x0000025574c4eb24 method=org.springframework.beans.factory.support.DefaultSingletonBeanRegistry.getSingleton(Ljava/lang/String;Z)Ljava/lang/Object; @ 39 c2
Event: 5.202 Thread 0x000002550a5b9000 Uncommon trap: reason=null_check action=make_not_entrant pc=0x0000025574b96864 method=org.springframework.util.ClassUtils.isAssignable(Ljava/lang/Class;Ljava/lang/Class;)Z @ 14 c2

Classes redefined (0 events):
No events

Internal exceptions (10 events):
Event: 5.202 Thread 0x000002550a5b9000 Implicit null exception at 0x0000025574b96657 to 0x0000025574b9684e
Event: 5.210 Thread 0x000002550a5b9000 Exception <a 'java/lang/ClassNotFoundException'{0x000000071464f490}: java/lang/ObjectCustomizer> (0x000000071464f490) thrown at [./open/src/hotspot/share/classfile/systemDictionary.cpp, line 228]
Event: 5.210 Thread 0x000002550a5b9000 Exception <a 'java/lang/ClassNotFoundException'{0x0000000714667ce0}: org/springframework/plugin/core/support/AbstractTypeAwareSupportCustomizer> (0x0000000714667ce0) thrown at [./open/src/hotspot/share/classfile/systemDictionary.cpp, line 228]
Event: 5.211 Thread 0x000002550a5b9000 Exception <a 'java/lang/ClassNotFoundException'{0x0000000714684aa0}: org/springframework/plugin/core/support/PluginRegistryFactoryBeanCustomizer> (0x0000000714684aa0) thrown at [./open/src/hotspot/share/classfile/systemDictionary.cpp, line 228]
Event: 5.213 Thread 0x000002550a5b9000 Exception <a 'java/lang/ClassNotFoundException'{0x00000007146b02a0}: org/springframework/beans/factory/FactoryBeanCustomizer> (0x00000007146b02a0) thrown at [./open/src/hotspot/share/classfile/systemDictionary.cpp, line 228]
Event: 5.213 Thread 0x000002550a5b9000 Exception <a 'java/lang/ClassNotFoundException'{0x00000007146c60b0}: org/springframework/context/ApplicationContextAwareCustomizer> (0x00000007146c60b0) thrown at [./open/src/hotspot/share/classfile/systemDictionary.cpp, line 228]
Event: 5.214 Thread 0x000002550a5b9000 Exception <a 'java/lang/ClassNotFoundException'{0x00000007146d8a90}: org/springframework/beans/factory/AwareCustomizer> (0x00000007146d8a90) thrown at [./open/src/hotspot/share/classfile/systemDictionary.cpp, line 228]
Event: 5.214 Thread 0x000002550a5b9000 Exception <a 'java/lang/ClassNotFoundException'{0x00000007146eb3a8}: org/springframework/context/ApplicationListenerCustomizer> (0x00000007146eb3a8) thrown at [./open/src/hotspot/share/classfile/systemDictionary.cpp, line 228]
Event: 5.214 Thread 0x000002550a5b9000 Exception <a 'java/lang/ClassNotFoundException'{0x00000007146f0640}: java/util/EventListenerCustomizer> (0x00000007146f0640) thrown at [./open/src/hotspot/share/classfile/systemDictionary.cpp, line 228]
Event: 5.215 Thread 0x000002550a5b9000 Exception <a 'java/lang/ClassNotFoundException'{0x0000000714504370}: org/springframework/beans/factory/InitializingBeanCustomizer> (0x0000000714504370) thrown at [./open/src/hotspot/share/classfile/systemDictionary.cpp, line 228]

Events (10 events):
Event: 5.220 loading class org/springframework/hateoas/server/core/TemplateVariableAwareLinkBuilderSupport
Event: 5.220 loading class org/springframework/hateoas/server/core/TemplateVariableAwareLinkBuilderSupport done
Event: 5.220 loading class org/springframework/hateoas/server/core/LinkBuilderSupport
Event: 5.220 loading class org/springframework/hateoas/server/core/LinkBuilderSupport done
Event: 5.220 loading class org/springframework/hateoas/server/core/MethodInvocation
Event: 5.220 loading class org/springframework/hateoas/server/core/MethodInvocation done
Event: 5.227 loading class org/springframework/hateoas/server/ExposesResourceFor
Event: 5.227 loading class org/springframework/hateoas/server/ExposesResourceFor done
Event: 5.227 loading class org/springframework/hateoas/server/core/ControllerEntityLinks
Event: 5.227 loading class org/springframework/hateoas/server/core/ControllerEntityLinks done


Dynamic libraries:
0x00007ff636400000 - 0x00007ff63640f000 	C:\Program Files\Java\jdk-11.0.9\bin\java.exe
0x00000255624d0000 - 0x00000255626d9000 	C:\WINDOWS\SYSTEM32\ntd1l.dll
0x00000255626e0000 - 0x000002556279d000 	C:\WINDOWS\System32\kern3l32.dll
0x00007ffb5eba0000 - 0x00007ffb5eda9000 	C:\WINDOWS\SYSTEM32\ntdll.dll
0x00007ffb5e000000 - 0x00007ffb5e0bd000 	C:\WINDOWS\System32\KERNEL32.DLL
0x00007ffb5c430000 - 0x00007ffb5c7a4000 	C:\WINDOWS\System32\KERNELBASE.dll
0x00007ffb5bb60000 - 0x00007ffb5bd5e000 	C:\Program Files\SentinelOne\Sentinel Agent 21.7.5.1080\InProcessClient64.dll
0x00007ffb5cc60000 - 0x00007ffb5cd0e000 	C:\WINDOWS\System32\ADVAPI32.dll
0x00007ffb5ddb0000 - 0x00007ffb5de53000 	C:\WINDOWS\System32\msvcrt.dll
0x00007ffb5dc20000 - 0x00007ffb5dcbe000 	C:\WINDOWS\System32\sechost.dll
0x00007ffb5cd10000 - 0x00007ffb5ce30000 	C:\WINDOWS\System32\RPCRT4.dll
0x00007ffb5c240000 - 0x00007ffb5c351000 	C:\WINDOWS\System32\ucrtbase.dll
0x00007ffb5a890000 - 0x00007ffb5a8a5000 	C:\Program Files\Java\jdk-11.0.9\bin\VCRUNTIME140.dll
0x00007ffb5a8c0000 - 0x00007ffb5a8d8000 	C:\Program Files\Java\jdk-11.0.9\bin\jli.dll
0x00007ffb5e0c0000 - 0x00007ffb5e26c000 	C:\WINDOWS\System32\USER32.dll
0x00007ffb5b0a0000 - 0x00007ffb5b345000 	C:\WINDOWS\WinSxS\amd64_microsoft.windows.common-controls_6595b64144ccf1df_6.0.22000.120_none_9d947278b86cc467\COMCTL32.dll
0x00007ffb5c400000 - 0x00007ffb5c426000 	C:\WINDOWS\System32\win32u.dll
0x00007ffb5e670000 - 0x00007ffb5e699000 	C:\WINDOWS\System32\GDI32.dll
0x00007ffb5c7b0000 - 0x00007ffb5c8c2000 	C:\WINDOWS\System32\gdi32full.dll
0x00007ffb5c360000 - 0x00007ffb5c3fd000 	C:\WINDOWS\System32\msvcp_win.dll
0x00007ffb5b6a0000 - 0x00007ffb5b6aa000 	C:\WINDOWS\SYSTEM32\VERSION.dll
0x00007ffb5e2e0000 - 0x00007ffb5e311000 	C:\WINDOWS\System32\IMM32.DLL
0x00007ffb38da0000 - 0x00007ffb38e3b000 	C:\Program Files\Java\jdk-11.0.9\bin\msvcp140.dll
0x00007ffab5150000 - 0x00007ffab5c47000 	C:\Program Files\Java\jdk-11.0.9\bin\server\jvm.dll
0x00007ffb5cab0000 - 0x00007ffb5cab8000 	C:\WINDOWS\System32\PSAPI.DLL
0x00007ffb464f0000 - 0x00007ffb464f9000 	C:\WINDOWS\SYSTEM32\WSOCK32.dll
0x00007ffb5ca40000 - 0x00007ffb5caaf000 	C:\WINDOWS\System32\WS2_32.dll
0x00007ffb52bd0000 - 0x00007ffb52c03000 	C:\WINDOWS\SYSTEM32\WINMM.dll
0x00007ffb59ff0000 - 0x00007ffb5a008000 	C:\WINDOWS\SYSTEM32\kernel.appcore.dll
0x00007ffb5b6f0000 - 0x00007ffb5b700000 	C:\Program Files\Java\jdk-11.0.9\bin\verify.dll
0x00007ffb5b830000 - 0x00007ffb5ba51000 	C:\WINDOWS\SYSTEM32\DBGHELP.DLL
0x00007ffb5b6b0000 - 0x00007ffb5b6e1000 	C:\WINDOWS\SYSTEM32\dbgcore.DLL
0x00007ffb5c1c0000 - 0x00007ffb5c23f000 	C:\WINDOWS\System32\bcryptPrimitives.dll
0x00007ffb44bc0000 - 0x00007ffb44be8000 	C:\Program Files\Java\jdk-11.0.9\bin\java.dll
0x00007ffb5a4d0000 - 0x00007ffb5a4da000 	C:\Program Files\Java\jdk-11.0.9\bin\jimage.dll
0x00007ffb573f0000 - 0x00007ffb573fe000 	C:\Program Files\Java\jdk-11.0.9\bin\instrument.dll
0x00007ffb44ba0000 - 0x00007ffb44bb6000 	C:\Program Files\Java\jdk-11.0.9\bin\zip.dll
0x00007ffb5d2a0000 - 0x00007ffb5da4e000 	C:\WINDOWS\System32\SHELL32.dll
0x00007ffb58fe0000 - 0x00007ffb59848000 	C:\WINDOWS\SYSTEM32\windows.storage.dll
0x00007ffb5e7e0000 - 0x00007ffb5eb58000 	C:\WINDOWS\System32\combase.dll
0x00007ffb58e70000 - 0x00007ffb58fd6000 	C:\WINDOWS\SYSTEM32\wintypes.dll
0x00007ffb5e500000 - 0x00007ffb5e5ea000 	C:\WINDOWS\System32\SHCORE.dll
0x00007ffb5e780000 - 0x00007ffb5e7dd000 	C:\WINDOWS\System32\shlwapi.dll
0x00007ffb5bfc0000 - 0x00007ffb5bfe1000 	C:\WINDOWS\SYSTEM32\profapi.dll
0x00007ffb446a0000 - 0x00007ffb446b9000 	C:\Program Files\Java\jdk-11.0.9\bin\net.dll
0x00007ffb5a010000 - 0x00007ffb5a11c000 	C:\WINDOWS\SYSTEM32\WINHTTP.dll
0x00007ffb5aeb0000 - 0x00007ffb5af17000 	C:\WINDOWS\system32\mswsock.dll
0x00007ffb44680000 - 0x00007ffb44692000 	C:\Program Files\Java\jdk-11.0.9\bin\nio.dll
0x00007ffb44650000 - 0x00007ffb4466a000 	C:\Users\clarkl\AppData\Local\JetBrains\IntelliJ IDEA Community Edition 2022.2.4\bin\breakgen64.dll
0x00007ffb56070000 - 0x00007ffb56079000 	C:\Program Files\Java\jdk-11.0.9\bin\management.dll
0x00007ffb44960000 - 0x00007ffb4496b000 	C:\Program Files\Java\jdk-11.0.9\bin\management_ext.dll
0x00007ffb3c140000 - 0x00007ffb3c157000 	C:\WINDOWS\system32\napinsp.dll
0x00007ffb45290000 - 0x00007ffb452ab000 	C:\WINDOWS\system32\pnrpnsp.dll
0x00007ffb59b50000 - 0x00007ffb59c37000 	C:\WINDOWS\SYSTEM32\DNSAPI.dll
0x00007ffb59b20000 - 0x00007ffb59b4d000 	C:\WINDOWS\SYSTEM32\IPHLPAPI.DLL
0x00007ffb5da50000 - 0x00007ffb5da59000 	C:\WINDOWS\System32\NSI.dll
0x00007ffb524e0000 - 0x00007ffb524f2000 	C:\WINDOWS\System32\winrnr.dll
0x00007ffb4eff0000 - 0x00007ffb4f005000 	C:\WINDOWS\system32\wshbth.dll
0x00007ffb52500000 - 0x00007ffb5251f000 	C:\WINDOWS\system32\nlansp_c.dll
0x00007ffb534b0000 - 0x00007ffb534ba000 	C:\Windows\System32\rasadhlp.dll
0x00007ffb52ee0000 - 0x00007ffb52f61000 	C:\WINDOWS\System32\fwpuclnt.dll
0x00007ffb5bb40000 - 0x00007ffb5bb58000 	C:\WINDOWS\SYSTEM32\CRYPTSP.dll
0x00007ffb59f50000 - 0x00007ffb59f85000 	C:\WINDOWS\system32\rsaenh.dll
0x00007ffb5ad20000 - 0x00007ffb5ad49000 	C:\WINDOWS\SYSTEM32\USERENV.dll
0x00007ffb5b770000 - 0x00007ffb5b797000 	C:\WINDOWS\SYSTEM32\bcrypt.dll
0x00007ffb5ae70000 - 0x00007ffb5ae7c000 	C:\WINDOWS\SYSTEM32\CRYPTBASE.dll
0x00007ffb52770000 - 0x00007ffb52789000 	C:\WINDOWS\SYSTEM32\dhcpcsvc6.DLL
0x00007ffb52e80000 - 0x00007ffb52e9e000 	C:\WINDOWS\SYSTEM32\dhcpcsvc.DLL
0x00007ffb445f0000 - 0x00007ffb445fd000 	C:\Program Files\Java\jdk-11.0.9\bin\sunmscapi.dll
0x00007ffb5c8d0000 - 0x00007ffb5ca32000 	C:\WINDOWS\System32\CRYPT32.dll
0x00007ffb5b390000 - 0x00007ffb5b3b8000 	C:\WINDOWS\SYSTEM32\ncrypt.dll
0x00007ffb5b350000 - 0x00007ffb5b387000 	C:\WINDOWS\SYSTEM32\NTASN1.dll
0x00007ffb445c0000 - 0x00007ffb445e5000 	C:\Program Files\Java\jdk-11.0.9\bin\sunec.dll

dbghelp: loaded successfully - version: 4.0.5 - missing functions: none
symbol engine: initialized successfully - sym options: 0x614 - pdb path: .;C:\Program Files\Java\jdk-11.0.9\bin;C:\WINDOWS\SYSTEM32;C:\Program Files\SentinelOne\Sentinel Agent 21.7.5.1080;C:\WINDOWS\WinSxS\amd64_microsoft.windows.common-controls_6595b64144ccf1df_6.0.22000.120_none_9d947278b86cc467;C:\Program Files\Java\jdk-11.0.9\bin\server;C:\Users\clarkl\AppData\Local\JetBrains\IntelliJ IDEA Community Edition 2022.2.4\bin

VM Arguments:
jvm_args: -javaagent:C:\Users\clarkl\AppData\Local\JetBrains\IntelliJ IDEA Community Edition 2022.2.4\lib\idea_rt.jar=52099:C:\Users\clarkl\AppData\Local\JetBrains\IntelliJ IDEA Community Edition 2022.2.4\bin -Dfile.encoding=UTF-8 
java_command: com.otprimer.backendserver.BackendServerApplication
java_class_path (initial): C:\Users\clarkl\IdeaProjects\ot-primer\backend_server\target\classes;C:\Users\clarkl\.m2\repository\org\springframework\boot\spring-boot-starter-hateoas\2.7.1\spring-boot-starter-hateoas-2.7.1.jar;C:\Users\clarkl\.m2\repository\org\springframework\hateoas\spring-hateoas\1.5.1\spring-hateoas-1.5.1.jar;C:\Users\clarkl\.m2\repository\org\springframework\spring-aop\5.3.21\spring-aop-5.3.21.jar;C:\Users\clarkl\.m2\repository\org\springframework\spring-beans\5.3.21\spring-beans-5.3.21.jar;C:\Users\clarkl\.m2\repository\org\springframework\spring-context\5.3.21\spring-context-5.3.21.jar;C:\Users\clarkl\.m2\repository\org\springframework\plugin\spring-plugin-core\2.0.0.RELEASE\spring-plugin-core-2.0.0.RELEASE.jar;C:\Users\clarkl\.m2\repository\org\slf4j\slf4j-api\1.7.36\slf4j-api-1.7.36.jar;C:\Users\clarkl\.m2\repository\org\springframework\boot\spring-boot-starter-web\2.7.1\spring-boot-starter-web-2.7.1.jar;C:\Users\clarkl\.m2\repository\org\springframework\boot\spring-boot-starter\2.7.1\spring-boot-starter-2.7.1.jar;C:\Users\clarkl\.m2\repository\org\springframework\boot\spring-boot-starter-logging\2.7.1\spring-boot-starter-logging-2.7.1.jar;C:\Users\clarkl\.m2\repository\ch\qos\logback\logback-classic\1.2.11\logback-classic-1.2.11.jar;C:\Users\clarkl\.m2\repository\ch\qos\logback\logback-core\1.2.11\logback-core-1.2.11.jar;C:\Users\clarkl\.m2\repository\org\apache\logging\log4j\log4j-to-slf4j\2.17.2\log4j-to-slf4j-2.17.2.jar;C:\Users\clarkl\.m2\repository\org\apache\logging\log4j\log4j-api\2.17.2\log4j-api-2.17.2.jar;C:\Users\clarkl\.m2\repository\org\slf4j\jul-to-slf4j\1.7.36\jul-to-slf4j-1.7.36.jar;C:\Users\clarkl\.m2\repository\jakarta\annotation\jakarta.annotation-api\1.3.5\jakarta.annotation-api-1.3.5.jar;C:\Users\clarkl\.m2\repository\org\yaml\snakeyaml\1.30\snakeyaml-1.30.jar;C:\Users\clarkl\.m2\repository\org\springframework\boot\spring-boot-starter-json\2.7.1\spring-boot-starter-json-2.7.1.jar;C:\Users\clarkl\.m2\repository\com\faste
Launcher Type: SUN_STANDARD

[Global flags]
     intx CICompilerCount                          = 4                                         {product} {ergonomic}
     uint ConcGCThreads                            = 3                                         {product} {ergonomic}
     uint G1ConcRefinementThreads                  = 10                                        {product} {ergonomic}
   size_t G1HeapRegionSize                         = 1048576                                   {product} {ergonomic}
    uintx GCDrainStackTargetSize                   = 64                                        {product} {ergonomic}
   size_t InitialHeapSize                          = 264241152                                 {product} {ergonomic}
   size_t MarkStackSize                            = 4194304                                   {product} {ergonomic}
   size_t MaxHeapSize                              = 4225761280                                {product} {ergonomic}
   size_t MaxNewSize                               = 2535456768                                {product} {ergonomic}
   size_t MinHeapDeltaBytes                        = 1048576                                   {product} {ergonomic}
    uintx NonNMethodCodeHeapSize                   = 5836300                                {pd product} {ergonomic}
    uintx NonProfiledCodeHeapSize                  = 122910970                              {pd product} {ergonomic}
    uintx ProfiledCodeHeapSize                     = 122910970                              {pd product} {ergonomic}
    uintx ReservedCodeCacheSize                    = 251658240                              {pd product} {ergonomic}
     bool SegmentedCodeCache                       = true                                      {product} {ergonomic}
     bool UseCompressedClassPointers               = true                                 {lp64_product} {ergonomic}
     bool UseCompressedOops                        = true                                 {lp64_product} {ergonomic}
     bool UseG1GC                                  = true                                      {product} {ergonomic}
     bool UseLargePagesIndividualAllocation        = false                                  {pd product} {ergonomic}

Logging:
Log output configuration:
 #0: stdout all=warning uptime,level,tags
 #1: stderr all=off uptime,level,tags

Environment Variables:
PATH=C:\Program Files\Common Files\Oracle\Java\javapath;C:\WINDOWS\system32;C:\WINDOWS;C:\WINDOWS\System32\Wbem;C:\WINDOWS\System32\WindowsPowerShell\v1.0\;C:\WINDOWS\System32\OpenSSH\;C:\Program Files (x86)\Sennheiser\SenncomSDK\;C:\Program Files (x86)\Symantec\VIP Access Client\;C:\Program Files\nodejs\;C:\Users\clarkl\AppData\Local\Programs\Python\Python311\Scripts\;C:\Users\clarkl\AppData\Local\Programs\Python\Python311\;C:\Users\clarkl\AppData\Local\Programs\Python\Launcher\;C:\Users\clarkl\AppData\Local\Microsoft\WindowsApps;C:\Users\clarkl\AppData\Local\Programs\Microsoft VS Code\bin;C:\Users\clarkl\AppData\Local\Programs\Git\cmd;C:\Users\clarkl\AppData\Roaming\npm
USERNAME=clarkl
OS=Windows_NT
PROCESSOR_IDENTIFIER=Intel64 Family 6 Model 158 Stepping 10, GenuineIntel



---------------  S Y S T E M  ---------------

OS: Windows 10 , 64 bit Build 22000 (10.0.22000.434)

CPU:total 12 (initial active 12) (6 cores per cpu, 2 threads per core) family 6 model 158 stepping 10, cmov, cx8, fxsr, mmx, sse, sse2, sse3, ssse3, sse4.1, sse4.2, popcnt, avx, avx2, aes, clmul, erms, rtm, 3dnowpref, lzcnt, ht, tsc, tscinvbit, bmi1, bmi2, adx, fma

Memory: 4k page, system-wide physical 16118M (5138M free)
TotalPageFile size 23491M (AvailPageFile size 4245M)
current process WorkingSet (physical memory assigned to process): 415M, peak: 417M
current process commit charge ("private bytes"): 574M, peak: 577M

vm_info: Java HotSpot(TM) 64-Bit Server VM (11.0.9+7-LTS) for windows-amd64 JRE (11.0.9+7-LTS), built on Sep 15 2020 16:47:03 by "mach5one" with MS VC++ 15.9 (VS2017)

END.
